#
# There is insufficient memory for the Java Runtime Environment to continue.
# Native memory allocation (mmap) failed to map 260046848 bytes for G1 virtual space
# Possible reasons:
#   The system is out of physical RAM or swap space
#   The process is running with CompressedOops enabled, and the Java Heap may be blocking the growth of the native heap
# Possible solutions:
#   Reduce memory load on the system
#   Increase physical memory or swap space
#   Check if swap backing store is full
#   Decrease Java heap size (-Xmx/-Xms)
#   Decrease number of Java threads
#   Decrease Java thread stack sizes (-Xss)
#   Set larger code cache with -XX:ReservedCodeCacheSize=
#   JVM is running with Zero Based Compressed Oops mode in which the Java heap is
#     placed in the first 32GB address space. The Java Heap base address is the
#     maximum limit for the native heap growth. Please use -XX:HeapBaseMinAddress
#     to set the Java Heap base and to place the Java Heap above 32GB virtual address.
# This output file may be truncated or incomplete.
#
#  Out of Memory Error (os_windows.cpp:3548), pid=772, tid=18372
#
# JRE version:  (17.0.5+8) (build )
# Java VM: OpenJDK 64-Bit Server VM (17.0.5+8-LTS, mixed mode, sharing, tiered, compressed oops, compressed class ptrs, g1 gc, windows-amd64)
# No core dump will be written. Minidumps are not enabled by default on client versions of Windows
#

---------------  S U M M A R Y ------------

Command Line: -agentlib:jdwp=transport=dt_socket,server=n,suspend=y,address=127.0.0.1:61809 -Dfile.encoding=windows-1252 -Duser.country=US -Duser.language=en -Duser.variant main.java.com.example.geco.recent.BrowserHistory.CountVowelSubstringsOfString

Host: AMD Ryzen 5 Microsoft Surface (R) Edition, 12 cores, 15G,  Windows 11 , 64 bit Build 22000 (10.0.22000.1516)
Time: Tue Mar 14 21:36:23 2023 Malay Peninsula Standard Time elapsed time: 0.010669 seconds (0d 0h 0m 0s)

---------------  T H R E A D  ---------------

Current thread (0x0000012d9612d170):  JavaThread "Unknown thread" [_thread_in_vm, id=18372, stack(0x0000002a99600000,0x0000002a99700000)]

Stack: [0x0000002a99600000,0x0000002a99700000]
Native frames: (J=compiled Java code, j=interpreted, Vv=VM code, C=native code)
V  [jvm.dll+0x646e0a]
V  [jvm.dll+0x7f7f14]
V  [jvm.dll+0x7f96ce]
V  [jvm.dll+0x7f9d23]
V  [jvm.dll+0x234c98]
V  [jvm.dll+0x643d6a]
V  [jvm.dll+0x63849a]
V  [jvm.dll+0x2f2ed9]
V  [jvm.dll+0x2fa066]
V  [jvm.dll+0x345a2a]
V  [jvm.dll+0x345c6f]
V  [jvm.dll+0x2c9378]
V  [jvm.dll+0x2ca309]
V  [jvm.dll+0x7cb681]
V  [jvm.dll+0x352eb1]
V  [jvm.dll+0x7abb8e]
V  [jvm.dll+0x3ce293]
V  [jvm.dll+0x3cfc91]
C  [jli.dll+0x519f]
C  [ucrtbase.dll+0x26c0c]
C  [KERNEL32.DLL+0x155a0]
C  [ntdll.dll+0x485b]


---------------  P R O C E S S  ---------------

Threads class SMR info:
_java_thread_list=0x00007ff9a66b6758, length=0, elements={
}

Java Threads: ( => current thread )

Other Threads:
  0x0000012d96196f30 GCTaskThread "GC Thread#0" [stack: 0x0000002a99700000,0x0000002a99800000] [id=29240]
  0x0000012d961a9730 ConcurrentGCThread "G1 Main Marker" [stack: 0x0000002a99800000,0x0000002a99900000] [id=22552]
  0x0000012d961ab830 ConcurrentGCThread "G1 Conc#0" [stack: 0x0000002a99900000,0x0000002a99a00000] [id=13576]

[error occurred during error reporting (printing all threads), id 0xc0000005, EXCEPTION_ACCESS_VIOLATION (0xc0000005) at pc=0x00007ff9a5eaa567]

VM state: not at safepoint (not fully initialized)

VM Mutex/Monitor currently owned by a thread:  ([mutex/lock_event])
[0x0000012d961295f0] Heap_lock - owner thread: 0x0000012d9612d170

Heap address: 0x0000000708c00000, size: 3956 MB, Compressed Oops mode: Zero based, Oop shift amount: 3

CDS archive(s) mapped at: [0x0000000000000000-0x0000000000000000-0x0000000000000000), size 0, SharedBaseAddress: 0x0000000800000000, ArchiveRelocationMode: 0.
Narrow klass base: 0x0000000000000000, Narrow klass shift: 0, Narrow klass range: 0x0

GC Precious Log:
<Empty>

Heap:
 garbage-first heap   total 0K, used 0K [0x0000000708c00000, 0x0000000800000000)
  region size 2048K, 0 young (0K), 0 survivors (0K)

[error occurred during error reporting (printing heap information), id 0xc0000005, EXCEPTION_ACCESS_VIOLATION (0xc0000005) at pc=0x00007ff9a626e739]

GC Heap History (0 events):
No events

Dll operation events (1 events):
Event: 0.006 Loaded shared library C:\Users\Julia\.jdks\corretto-17.0.5\bin\java.dll

Deoptimization events (0 events):
No events

Classes unloaded (0 events):
No events

Classes redefined (0 events):
No events

Internal exceptions (0 events):
No events

VM Operations (0 events):
No events

Events (0 events):
No events


Dynamic libraries:
0x00007ff6eaa40000 - 0x00007ff6eaa4d000 	C:\Users\Julia\.jdks\corretto-17.0.5\bin\java.exe
0x00007ff9e8220000 - 0x00007ff9e8429000 	C:\WINDOWS\SYSTEM32\ntdll.dll
0x00007ff9e65a0000 - 0x00007ff9e665e000 	C:\WINDOWS\System32\KERNEL32.DLL
0x00007ff9e5d20000 - 0x00007ff9e609c000 	C:\WINDOWS\System32\KERNELBASE.dll
0x00007ff9e5760000 - 0x00007ff9e5871000 	C:\WINDOWS\System32\ucrtbase.dll
0x00007ff9d57b0000 - 0x00007ff9d57c7000 	C:\Users\Julia\.jdks\corretto-17.0.5\bin\jli.dll
0x00007ff9d4de0000 - 0x00007ff9d4df5000 	C:\Users\Julia\.jdks\corretto-17.0.5\bin\VCRUNTIME140.dll
0x00007ff9e6340000 - 0x00007ff9e64ed000 	C:\WINDOWS\System32\USER32.dll
0x00007ff9e5880000 - 0x00007ff9e58a6000 	C:\WINDOWS\System32\win32u.dll
0x00007ff9ce300000 - 0x00007ff9ce5a5000 	C:\WINDOWS\WinSxS\amd64_microsoft.windows.common-controls_6595b64144ccf1df_6.0.22000.120_none_9d947278b86cc467\COMCTL32.dll
0x00007ff9e6250000 - 0x00007ff9e62f3000 	C:\WINDOWS\System32\msvcrt.dll
0x00007ff9e6570000 - 0x00007ff9e6599000 	C:\WINDOWS\System32\GDI32.dll
0x00007ff9e58b0000 - 0x00007ff9e59c8000 	C:\WINDOWS\System32\gdi32full.dll
0x00007ff9e5c80000 - 0x00007ff9e5d1d000 	C:\WINDOWS\System32\msvcp_win.dll
0x00007ff9e6300000 - 0x00007ff9e6332000 	C:\WINDOWS\System32\IMM32.DLL
0x00007ff9c4d30000 - 0x00007ff9c4dcb000 	C:\Users\Julia\.jdks\corretto-17.0.5\bin\msvcp140.dll
0x00007ff9a5bd0000 - 0x00007ff9a67e4000 	C:\Users\Julia\.jdks\corretto-17.0.5\bin\server\jvm.dll
0x00007ff9e7b60000 - 0x00007ff9e7c0e000 	C:\WINDOWS\System32\ADVAPI32.dll
0x00007ff9e61b0000 - 0x00007ff9e624e000 	C:\WINDOWS\System32\sechost.dll
0x00007ff9e75e0000 - 0x00007ff9e7700000 	C:\WINDOWS\System32\RPCRT4.dll
0x00007ff9dc8c0000 - 0x00007ff9dc8ca000 	C:\WINDOWS\SYSTEM32\VERSION.dll
0x00007ff9df230000 - 0x00007ff9df263000 	C:\WINDOWS\SYSTEM32\WINMM.dll
0x00007ff9e00c0000 - 0x00007ff9e00c9000 	C:\WINDOWS\SYSTEM32\WSOCK32.dll
0x00007ff9e7700000 - 0x00007ff9e776f000 	C:\WINDOWS\System32\WS2_32.dll
0x00007ff9e47e0000 - 0x00007ff9e47f8000 	C:\WINDOWS\SYSTEM32\kernel.appcore.dll
0x00007ff9e0330000 - 0x00007ff9e033a000 	C:\Users\Julia\.jdks\corretto-17.0.5\bin\jimage.dll
0x00007ff9e2ef0000 - 0x00007ff9e3111000 	C:\WINDOWS\SYSTEM32\DBGHELP.DLL
0x00007ff9cef90000 - 0x00007ff9cefc1000 	C:\WINDOWS\SYSTEM32\dbgcore.DLL
0x00007ff9e59d0000 - 0x00007ff9e5a4f000 	C:\WINDOWS\System32\bcryptPrimitives.dll
0x00007ff9d0920000 - 0x00007ff9d0959000 	C:\Users\Julia\.jdks\corretto-17.0.5\bin\jdwp.dll
0x00007ff9d28a0000 - 0x00007ff9d28c5000 	C:\Users\Julia\.jdks\corretto-17.0.5\bin\java.dll

dbghelp: loaded successfully - version: 4.0.5 - missing functions: none
symbol engine: initialized successfully - sym options: 0x614 - pdb path: .;C:\Users\Julia\.jdks\corretto-17.0.5\bin;C:\WINDOWS\SYSTEM32;C:\WINDOWS\WinSxS\amd64_microsoft.windows.common-controls_6595b64144ccf1df_6.0.22000.120_none_9d947278b86cc467;C:\Users\Julia\.jdks\corretto-17.0.5\bin\server

VM Arguments:
jvm_args: -agentlib:jdwp=transport=dt_socket,server=n,suspend=y,address=127.0.0.1:61809 -Dfile.encoding=windows-1252 -Duser.country=US -Duser.language=en -Duser.variant 
java_command: main.java.com.example.geco.recent.BrowserHistory.CountVowelSubstringsOfString
java_class_path (initial): C:\Users\Julia\IdeaProjects\geco\build\classes\java\main;C:\Users\Julia\IdeaProjects\geco\build\resources\main;C:\Users\Julia\.gradle\caches\modules-2\files-2.1\org.springframework.boot\spring-boot-devtools\3.0.0\efb77f02a6312690c69049ad2bee06cab7a21a0f\spring-boot-devtools-3.0.0.jar;C:\Users\Julia\.gradle\caches\modules-2\files-2.1\org.springframework.boot\spring-boot-starter-graphql\3.0.0\66cb71f2ba430b6b5d3e0a4885bd8727163377e8\spring-boot-starter-graphql-3.0.0.jar;C:\Users\Julia\.gradle\caches\modules-2\files-2.1\org.springframework.boot\spring-boot-starter-json\3.0.0\beb1a175ad3cdec82ebd36dd1ddd08a9738a2d86\spring-boot-starter-json-3.0.0.jar;C:\Users\Julia\.gradle\caches\modules-2\files-2.1\org.springframework.boot\spring-boot-starter\3.0.0\18c02ab19529d866723b40c03021cd731c3edb50\spring-boot-starter-3.0.0.jar;C:\Users\Julia\.gradle\caches\modules-2\files-2.1\org.springframework.boot\spring-boot-autoconfigure\3.0.0\11c57cfd7a6c6ef2cf16cc91c4d9173f6ab16dd2\spring-boot-autoconfigure-3.0.0.jar;C:\Users\Julia\.gradle\caches\modules-2\files-2.1\org.springframework.boot\spring-boot\3.0.0\dcf84aaccdb294b8fe53a92b57efecf16708eb2c\spring-boot-3.0.0.jar;C:\Users\Julia\.gradle\caches\modules-2\files-2.1\org.springframework.graphql\spring-graphql\1.1.0\fa32bae0c60c97ac6520ce4a5cfe30ca0b3b1522\spring-graphql-1.1.0.jar;C:\Users\Julia\.gradle\caches\modules-2\files-2.1\org.springframework\spring-context\6.0.2\649dc1c9947da39a0d4e3869d61e7270489aaa25\spring-context-6.0.2.jar;C:\Users\Julia\.gradle\caches\modules-2\files-2.1\org.springframework\spring-web\6.0.2\39dde8bfcc9074af0fcec924ca7465cb90eb25d4\spring-web-6.0.2.jar;C:\Users\Julia\.gradle\caches\modules-2\files-2.1\org.springframework\spring-aop\6.0.2\fe73295dd65e6b2f53986622c1e622cd3d09aa03\spring-aop-6.0.2.jar;C:\Users\Julia\.gradle\caches\modules-2\files-2.1\org.springframework\spring-beans\6.0.2\87ded7c3d973ec0bfebe0b6511375ffebe178ae5\spring-beans-6.0.2.jar;C:\Users\Julia\.gradle\caches\m
Launcher Type: SUN_STANDARD

[Global flags]
     intx CICompilerCount                          = 4                                         {product} {ergonomic}
     uint ConcGCThreads                            = 3                                         {product} {ergonomic}
     uint G1ConcRefinementThreads                  = 10                                        {product} {ergonomic}
   size_t G1HeapRegionSize                         = 2097152                                   {product} {ergonomic}
    uintx GCDrainStackTargetSize                   = 64                                        {product} {ergonomic}
   size_t InitialHeapSize                          = 260046848                                 {product} {ergonomic}
   size_t MarkStackSize                            = 4194304                                   {product} {ergonomic}
   size_t MaxHeapSize                              = 4148166656                                {product} {ergonomic}
   size_t MinHeapDeltaBytes                        = 2097152                                   {product} {ergonomic}
   size_t MinHeapSize                              = 8388608                                   {product} {ergonomic}
    uintx NonNMethodCodeHeapSize                   = 5839372                                {pd product} {ergonomic}
    uintx NonProfiledCodeHeapSize                  = 122909434                              {pd product} {ergonomic}
    uintx ProfiledCodeHeapSize                     = 122909434                              {pd product} {ergonomic}
    uintx ReservedCodeCacheSize                    = 251658240                              {pd product} {ergonomic}
     bool SegmentedCodeCache                       = true                                      {product} {ergonomic}
   size_t SoftMaxHeapSize                          = 4148166656                             {manageable} {ergonomic}
     bool UseCompressedClassPointers               = true                           {product lp64_product} {ergonomic}
     bool UseCompressedOops                        = true                           {product lp64_product} {ergonomic}
     bool UseG1GC                                  = true                                      {product} {ergonomic}
     bool UseLargePagesIndividualAllocation        = false                                  {pd product} {ergonomic}

Logging:
Log output configuration:
 #0: stdout all=warning uptime,level,tags
 #1: stderr all=off uptime,level,tags

Environment Variables:
PATH=C:\WINDOWS\system32;C:\WINDOWS;C:\WINDOWS\System32\Wbem;C:\WINDOWS\System32\WindowsPowerShell\v1.0\;C:\WINDOWS\System32\OpenSSH\;C:\Users\Julia\AppData\Local\Microsoft\WindowsApps;;C:\Program Files\JetBrains\IntelliJ IDEA 2022.2.4\bin;
USERNAME=Julia
OS=Windows_NT
PROCESSOR_IDENTIFIER=AMD64 Family 23 Model 96 Stepping 1, AuthenticAMD
TMP=C:\Users\Julia\AppData\Local\Temp
TEMP=C:\Users\Julia\AppData\Local\Temp



---------------  S Y S T E M  ---------------

OS:
 Windows 11 , 64 bit Build 22000 (10.0.22000.1516)
OS uptime: 22 days 2:36 hours
Hyper-V role detected

CPU: total 12 (initial active 12) (12 cores per cpu, 2 threads per core) family 23 model 96 stepping 1 microcode 0x0, cx8, cmov, fxsr, ht, mmx, 3dnowpref, sse, sse2, sse3, ssse3, sse4a, sse4.1, sse4.2, popcnt, lzcnt, tsc, tscinvbit, avx, avx2, aes, clmul, bmi1, bmi2, adx, sha, fma, vzeroupper, clflush, clflushopt, hv

Memory: 4k page, system-wide physical 15823M (3716M free)
TotalPageFile size 46071M (AvailPageFile size 94M)
current process WorkingSet (physical memory assigned to process): 10M, peak: 10M
current process commit charge ("private bytes"): 64M, peak: 312M

vm_info: OpenJDK 64-Bit Server VM (17.0.5+8-LTS) for windows-amd64 JRE (17.0.5+8-LTS), built on Oct 13 2022 05:18:14 by "Administrator" with MS VC++ 15.9 (VS2017)

END.
