#
# There is insufficient memory for the Java Runtime Environment to continue.
# Native memory allocation (malloc) failed to allocate 2081216 bytes for Chunk::new
# Possible reasons:
#   The system is out of physical RAM or swap space
#   The process is running with CompressedOops enabled, and the Java Heap may be blocking the growth of the native heap
# Possible solutions:
#   Reduce memory load on the system
#   Increase physical memory or swap space
#   Check if swap backing store is full
#   Decrease Java heap size (-Xmx/-Xms)
#   Decrease number of Java threads
#   Decrease Java thread stack sizes (-Xss)
#   Set larger code cache with -XX:ReservedCodeCacheSize=
#   JVM is running with Unscaled Compressed Oops mode in which the Java heap is
#     placed in the first 4GB address space. The Java Heap base address is the
#     maximum limit for the native heap growth. Please use -XX:HeapBaseMinAddress
#     to set the Java Heap base and to place the Java Heap above 4GB virtual address.
# This output file may be truncated or incomplete.
#
#  Out of Memory Error (arena.cpp:189), pid=19208, tid=28884
#
# JRE version: OpenJDK Runtime Environment Corretto-17.0.5.8.1 (17.0.5+8) (build 17.0.5+8-LTS)
# Java VM: OpenJDK 64-Bit Server VM Corretto-17.0.5.8.1 (17.0.5+8-LTS, mixed mode, sharing, tiered, compressed oops, compressed class ptrs, g1 gc, windows-amd64)
# No core dump will be written. Minidumps are not enabled by default on client versions of Windows
#

---------------  S U M M A R Y ------------

Command Line: -XX:MaxMetaspaceSize=256m -XX:+HeapDumpOnOutOfMemoryError -agentlib:jdwp=transport=dt_socket,server=n,suspend=y,address=127.0.0.1:62234 --add-opens=java.base/java.util=ALL-UNNAMED --add-opens=java.base/java.lang=ALL-UNNAMED --add-opens=java.base/java.lang.invoke=ALL-UNNAMED --add-opens=java.base/java.util=ALL-UNNAMED --add-opens=java.prefs/java.util.prefs=ALL-UNNAMED --add-opens=java.prefs/java.util.prefs=ALL-UNNAMED --add-opens=java.base/java.nio.charset=ALL-UNNAMED --add-opens=java.base/java.net=ALL-UNNAMED --add-opens=java.base/java.util.concurrent.atomic=ALL-UNNAMED -Xms256m -Xmx512m -Dfile.encoding=windows-1252 -Duser.country=US -Duser.language=en -Duser.variant org.gradle.launcher.daemon.bootstrap.GradleDaemon 7.5.1

Host: AMD Ryzen 5 Microsoft Surface (R) Edition, 12 cores, 15G,  Windows 11 , 64 bit Build 22000 (10.0.22000.1516)
Time: Tue Mar 14 21:52:30 2023 Malay Peninsula Standard Time elapsed time: 93.762848 seconds (0d 0h 1m 33s)

---------------  T H R E A D  ---------------

Current thread (0x0000014eee94ac20):  JavaThread "C2 CompilerThread0" daemon [_thread_in_native, id=28884, stack(0x0000000af3100000,0x0000000af3200000)]


Current CompileTask:
C2:  93762 8222       4       javax.management.ObjectName::construct (1135 bytes)

Stack: [0x0000000af3100000,0x0000000af3200000]
Native frames: (J=compiled Java code, j=interpreted, Vv=VM code, C=native code)
V  [jvm.dll+0x646e0a]
V  [jvm.dll+0x7f7f14]
V  [jvm.dll+0x7f96ce]
V  [jvm.dll+0x7f9d23]
V  [jvm.dll+0x234c98]
V  [jvm.dll+0xbccfc]
V  [jvm.dll+0xbd2dc]
V  [jvm.dll+0x34d727]
V  [jvm.dll+0x31821f]
V  [jvm.dll+0x31765a]
V  [jvm.dll+0x2092a5]
V  [jvm.dll+0x208837]
V  [jvm.dll+0x198a9d]
V  [jvm.dll+0x217bdd]
V  [jvm.dll+0x215e24]
V  [jvm.dll+0x7b06ab]
V  [jvm.dll+0x7aac5a]
V  [jvm.dll+0x645cd5]
C  [ucrtbase.dll+0x26c0c]
C  [KERNEL32.DLL+0x155a0]
C  [ntdll.dll+0x485b]


---------------  P R O C E S S  ---------------

Threads class SMR info:
_java_thread_list=0x0000014ef626a530, length=139, elements={
0x0000014ed1a1a980, 0x0000014eee92a920, 0x0000014eee92b4d0, 0x0000014eee944300,
0x0000014eee944bc0, 0x0000014eee945570, 0x0000014eee945f20, 0x0000014eee94ac20,
0x0000014eee9556e0, 0x0000014eee95ee20, 0x0000014eef5020c0, 0x0000014eef506a40,
0x0000014eef5219f0, 0x0000014eef526470, 0x0000014eef547a60, 0x0000014ef1757f30,
0x0000014ef190e200, 0x0000014ef15b2c50, 0x0000014ef224f9a0, 0x0000014ef09f1900,
0x0000014ef04c9af0, 0x0000014ef04c9150, 0x0000014ef04c87b0, 0x0000014ef04c9620,
0x0000014ef04c9fc0, 0x0000014ef04ca490, 0x0000014ef04c7470, 0x0000014ef04c7e10,
0x0000014ef04c7940, 0x0000014ef04c82e0, 0x0000014ef2baf440, 0x0000014ef2bb4610,
0x0000014ef2bb02b0, 0x0000014ef2bb1f90, 0x0000014ef2bb5950, 0x0000014ef2bb4140,
0x0000014ef2bb4fb0, 0x0000014ef2bb4ae0, 0x0000014ef2bb5480, 0x0000014ef2bb0780,
0x0000014ef2bb1ac0, 0x0000014ef2bb2930, 0x0000014ef2bb37a0, 0x0000014ef2bb3c70,
0x0000014ef2bb2e00, 0x0000014ef2bb32d0, 0x0000014ef232bae0, 0x0000014ef232bfb0,
0x0000014ef232f4a0, 0x0000014ef2331650, 0x0000014ef2331b20, 0x0000014ef232c480,
0x0000014ef232c950, 0x0000014ef232ac70, 0x0000014ef2330cb0, 0x0000014ef2331180,
0x0000014ef232ce20, 0x0000014ef232d7c0, 0x0000014ef232b140, 0x0000014ef232e160,
0x0000014ef232d2f0, 0x0000014ef2331ff0, 0x0000014ef232dc90, 0x0000014ef23324c0,
0x0000014ef232b610, 0x0000014ef232e630, 0x0000014ef23307e0, 0x0000014ef232f970,
0x0000014ef232eb00, 0x0000014ef232efd0, 0x0000014ef232fe40, 0x0000014ef752d3d0,
0x0000014ef75308c0, 0x0000014ef7529a10, 0x0000014ef752cf00, 0x0000014ef752a880,
0x0000014ef752ad50, 0x0000014ef7529070, 0x0000014ef752a3b0, 0x0000014ef752f0b0,
0x0000014ef7529540, 0x0000014ef752b220, 0x0000014ef752c090, 0x0000014ef752c560,
0x0000014ef752d8a0, 0x0000014ef752ebe0, 0x0000014ef752dd70, 0x0000014ef752f580,
0x0000014ef752e240, 0x0000014ef752e710, 0x0000014ef752fa50, 0x0000014ef752ff20,
0x0000014ef60ce720, 0x0000014ef60d08d0, 0x0000014ef60cdd80, 0x0000014ef60ce250,
0x0000014ef60ccf10, 0x0000014ef60d1270, 0x0000014ef60d0da0, 0x0000014ef60cfa60,
0x0000014ef60d1c10, 0x0000014ef60cd3e0, 0x0000014ef60d1740, 0x0000014ef60cebf0,
0x0000014ef60d25b0, 0x0000014ef60cc0a0, 0x0000014ef60cf0c0, 0x0000014ef60d2a80,
0x0000014ef60d20e0, 0x0000014ef60cf590, 0x0000014ef60cff30, 0x0000014ef60d0400,
0x0000014ef60d2f50, 0x0000014ef60d3420, 0x0000014ef60cbbd0, 0x0000014ef60cd8b0,
0x0000014ef60cc570, 0x0000014ef60cca40, 0x0000014ef9a33710, 0x0000014ef9a31090,
0x0000014ef9a33be0, 0x0000014ef9a31560, 0x0000014ef9a32d70, 0x0000014ef9a31f00,
0x0000014ef9a34580, 0x0000014ef9a31a30, 0x0000014ef9a323d0, 0x0000014ef9a34a50,
0x0000014ef9a33240, 0x0000014ef7b6f2c0, 0x0000014ef7b6dab0, 0x0000014ef7b6c770,
0x0000014ef7b6b900, 0x0000014ef7b6d5e0, 0x0000014ef7b71e10, 0x0000014ef7b6edf0,
0x0000014ef7b6af60, 0x0000014ef7b70fa0, 0x0000014ef7b70130
}

Java Threads: ( => current thread )
  0x0000014ed1a1a980 JavaThread "main" [_thread_blocked, id=28252, stack(0x0000000af2400000,0x0000000af2500000)]
  0x0000014eee92a920 JavaThread "Reference Handler" daemon [_thread_blocked, id=28496, stack(0x0000000af2b00000,0x0000000af2c00000)]
  0x0000014eee92b4d0 JavaThread "Finalizer" daemon [_thread_blocked, id=13324, stack(0x0000000af2c00000,0x0000000af2d00000)]
  0x0000014eee944300 JavaThread "Signal Dispatcher" daemon [_thread_blocked, id=12164, stack(0x0000000af2d00000,0x0000000af2e00000)]
  0x0000014eee944bc0 JavaThread "Attach Listener" daemon [_thread_blocked, id=15368, stack(0x0000000af2e00000,0x0000000af2f00000)]
  0x0000014eee945570 JavaThread "Service Thread" daemon [_thread_blocked, id=31164, stack(0x0000000af2f00000,0x0000000af3000000)]
  0x0000014eee945f20 JavaThread "Monitor Deflation Thread" daemon [_thread_blocked, id=15120, stack(0x0000000af3000000,0x0000000af3100000)]
=>0x0000014eee94ac20 JavaThread "C2 CompilerThread0" daemon [_thread_in_native, id=28884, stack(0x0000000af3100000,0x0000000af3200000)]
  0x0000014eee9556e0 JavaThread "C1 CompilerThread0" daemon [_thread_blocked, id=24868, stack(0x0000000af3200000,0x0000000af3300000)]
  0x0000014eee95ee20 JavaThread "Sweeper thread" daemon [_thread_blocked, id=22700, stack(0x0000000af3300000,0x0000000af3400000)]
  0x0000014eef5020c0 JavaThread "Common-Cleaner" daemon [_thread_blocked, id=22084, stack(0x0000000af3400000,0x0000000af3500000)]
  0x0000014eef506a40 JavaThread "JDWP Transport Listener: dt_socket" daemon [_thread_blocked, id=21824, stack(0x0000000af3500000,0x0000000af3600000)]
  0x0000014eef5219f0 JavaThread "JDWP Event Helper Thread" daemon [_thread_blocked, id=29004, stack(0x0000000af3600000,0x0000000af3700000)]
  0x0000014eef526470 JavaThread "JDWP Command Reader" daemon [_thread_in_native, id=18428, stack(0x0000000af3700000,0x0000000af3800000)]
  0x0000014eef547a60 JavaThread "Notification Thread" daemon [_thread_blocked, id=29436, stack(0x0000000af3800000,0x0000000af3900000)]
  0x0000014ef1757f30 JavaThread "Daemon health stats" [_thread_blocked, id=2764, stack(0x0000000af4500000,0x0000000af4600000)]
  0x0000014ef190e200 JavaThread "Incoming local TCP Connector on port 62237" [_thread_in_native, id=15308, stack(0x0000000af4600000,0x0000000af4700000)]
  0x0000014ef15b2c50 JavaThread "Daemon periodic checks" [_thread_blocked, id=140, stack(0x0000000af4700000,0x0000000af4800000)]
  0x0000014ef224f9a0 JavaThread "Daemon" [_thread_blocked, id=13068, stack(0x0000000af4800000,0x0000000af4900000)]
  0x0000014ef09f1900 JavaThread "Handler for socket connection from /127.0.0.1:62237 to /127.0.0.1:62238" [_thread_in_native, id=30340, stack(0x0000000af4900000,0x0000000af4a00000)]
  0x0000014ef04c9af0 JavaThread "Cancel handler" [_thread_blocked, id=7504, stack(0x0000000af4a00000,0x0000000af4b00000)]
  0x0000014ef04c9150 JavaThread "Daemon worker" [_thread_blocked, id=17468, stack(0x0000000af4b00000,0x0000000af4c00000)]
  0x0000014ef04c87b0 JavaThread "Asynchronous log dispatcher for DefaultDaemonConnection: socket connection from /127.0.0.1:62237 to /127.0.0.1:62238" [_thread_blocked, id=20536, stack(0x0000000af4c00000,0x0000000af4d00000)]
  0x0000014ef04c9620 JavaThread "Stdin handler" [_thread_blocked, id=31620, stack(0x0000000af4d00000,0x0000000af4e00000)]
  0x0000014ef04c9fc0 JavaThread "Daemon client event forwarder" [_thread_blocked, id=10516, stack(0x0000000af4e00000,0x0000000af4f00000)]
  0x0000014ef04ca490 JavaThread "Cache worker for journal cache (C:\Users\Julia\.gradle\caches\journal-1)" [_thread_blocked, id=8388, stack(0x0000000af4f00000,0x0000000af5000000)]
  0x0000014ef04c7470 JavaThread "File lock request listener" [_thread_in_native, id=23148, stack(0x0000000af5000000,0x0000000af5100000)]
  0x0000014ef04c7e10 JavaThread "Cache worker for file hash cache (C:\Users\Julia\.gradle\caches\7.5.1\fileHashes)" [_thread_blocked, id=12208, stack(0x0000000af3b00000,0x0000000af3c00000)]
  0x0000014ef04c7940 JavaThread "File watcher server" daemon [_thread_in_native, id=14524, stack(0x0000000af5200000,0x0000000af5300000)]
  0x0000014ef04c82e0 JavaThread "File watcher consumer" daemon [_thread_blocked, id=18516, stack(0x0000000af5300000,0x0000000af5400000)]
  0x0000014ef2baf440 JavaThread "Cache worker for checksums cache (C:\Users\Julia\IdeaProjects\geco\.gradle\7.5.1\checksums)" [_thread_blocked, id=27616, stack(0x0000000af5100000,0x0000000af5200000)]
  0x0000014ef2bb4610 JavaThread "Cache worker for cache directory md-rule (C:\Users\Julia\.gradle\caches\7.5.1\md-rule)" [_thread_blocked, id=26704, stack(0x0000000af5400000,0x0000000af5500000)]
  0x0000014ef2bb02b0 JavaThread "Cache worker for file content cache (C:\Users\Julia\.gradle\caches\7.5.1\fileContent)" [_thread_blocked, id=9412, stack(0x0000000af5500000,0x0000000af5600000)]
  0x0000014ef2bb1f90 JavaThread "Cache worker for file hash cache (C:\Users\Julia\IdeaProjects\geco\.gradle\7.5.1\fileHashes)" [_thread_blocked, id=26440, stack(0x0000000af5600000,0x0000000af5700000)]
  0x0000014ef2bb5950 JavaThread "Cache worker for cache directory md-supplier (C:\Users\Julia\.gradle\caches\7.5.1\md-supplier)" [_thread_blocked, id=11976, stack(0x0000000af5700000,0x0000000af5800000)]
  0x0000014ef2bb4140 JavaThread "Cache worker for execution history cache (C:\Users\Julia\.gradle\caches\7.5.1\executionHistory)" [_thread_blocked, id=9172, stack(0x0000000af5b00000,0x0000000af5c00000)]
  0x0000014ef2bb4fb0 JavaThread "jar transforms" [_thread_blocked, id=29700, stack(0x0000000af5c00000,0x0000000af5d00000)]
  0x0000014ef2bb4ae0 JavaThread "jar transforms Thread 2" [_thread_blocked, id=6872, stack(0x0000000af5d00000,0x0000000af5e00000)]
  0x0000014ef2bb5480 JavaThread "jar transforms Thread 3" [_thread_blocked, id=9584, stack(0x0000000af5e00000,0x0000000af5f00000)]
  0x0000014ef2bb0780 JavaThread "jar transforms Thread 4" [_thread_blocked, id=23452, stack(0x0000000af5f00000,0x0000000af6000000)]
  0x0000014ef2bb1ac0 JavaThread "jar transforms Thread 5" [_thread_blocked, id=30868, stack(0x0000000af6000000,0x0000000af6100000)]
  0x0000014ef2bb2930 JavaThread "jar transforms Thread 6" [_thread_blocked, id=4248, stack(0x0000000af6100000,0x0000000af6200000)]
  0x0000014ef2bb37a0 JavaThread "jar transforms Thread 7" [_thread_blocked, id=24424, stack(0x0000000af6200000,0x0000000af6300000)]
  0x0000014ef2bb3c70 JavaThread "jar transforms Thread 8" [_thread_blocked, id=29772, stack(0x0000000af6300000,0x0000000af6400000)]
  0x0000014ef2bb2e00 JavaThread "jar transforms Thread 9" [_thread_blocked, id=30372, stack(0x0000000af6400000,0x0000000af6500000)]
  0x0000014ef2bb32d0 JavaThread "Cache worker for kotlin-dsl (C:\Users\Julia\.gradle\caches\7.5.1\kotlin-dsl)" [_thread_blocked, id=18680, stack(0x0000000af6500000,0x0000000af6600000)]
  0x0000014ef232bae0 JavaThread "jar transforms Thread 10" [_thread_blocked, id=5580, stack(0x0000000af6700000,0x0000000af6800000)]
  0x0000014ef232bfb0 JavaThread "Cache worker for dependencies-accessors (C:\Users\Julia\IdeaProjects\geco\.gradle\7.5.1\dependencies-accessors)" [_thread_blocked, id=10588, stack(0x0000000af6800000,0x0000000af6900000)]
  0x0000014ef232f4a0 JavaThread "Cache worker for Build Output Cleanup Cache (C:\Users\Julia\IdeaProjects\geco\.gradle\buildOutputCleanup)" [_thread_blocked, id=29488, stack(0x0000000af6900000,0x0000000af6a00000)]
  0x0000014ef2331650 JavaThread "jar transforms Thread 11" [_thread_blocked, id=29300, stack(0x0000000af6a00000,0x0000000af6b00000)]
  0x0000014ef2331b20 JavaThread "Unconstrained build operations" [_thread_blocked, id=2084, stack(0x0000000af6b00000,0x0000000af6c00000)]
  0x0000014ef232c480 JavaThread "Unconstrained build operations Thread 2" [_thread_blocked, id=17040, stack(0x0000000af6c00000,0x0000000af6d00000)]
  0x0000014ef232c950 JavaThread "Unconstrained build operations Thread 3" [_thread_blocked, id=31572, stack(0x0000000af6d00000,0x0000000af6e00000)]
  0x0000014ef232ac70 JavaThread "Unconstrained build operations Thread 4" [_thread_blocked, id=1344, stack(0x0000000af6e00000,0x0000000af6f00000)]
  0x0000014ef2330cb0 JavaThread "Unconstrained build operations Thread 5" [_thread_blocked, id=25504, stack(0x0000000af6f00000,0x0000000af7000000)]
  0x0000014ef2331180 JavaThread "Unconstrained build operations Thread 6" [_thread_blocked, id=10644, stack(0x0000000af7000000,0x0000000af7100000)]
  0x0000014ef232ce20 JavaThread "Unconstrained build operations Thread 7" [_thread_blocked, id=22376, stack(0x0000000af7100000,0x0000000af7200000)]
  0x0000014ef232d7c0 JavaThread "Unconstrained build operations Thread 8" [_thread_blocked, id=24332, stack(0x0000000af7200000,0x0000000af7300000)]
  0x0000014ef232b140 JavaThread "Unconstrained build operations Thread 9" [_thread_blocked, id=6256, stack(0x0000000af7300000,0x0000000af7400000)]
  0x0000014ef232e160 JavaThread "Unconstrained build operations Thread 10" [_thread_blocked, id=30336, stack(0x0000000af7400000,0x0000000af7500000)]
  0x0000014ef232d2f0 JavaThread "Unconstrained build operations Thread 11" [_thread_blocked, id=4304, stack(0x0000000af7500000,0x0000000af7600000)]
  0x0000014ef2331ff0 JavaThread "Unconstrained build operations Thread 12" [_thread_blocked, id=1508, stack(0x0000000af7600000,0x0000000af7700000)]
  0x0000014ef232dc90 JavaThread "Unconstrained build operations Thread 13" [_thread_blocked, id=20460, stack(0x0000000af7700000,0x0000000af7800000)]
  0x0000014ef23324c0 JavaThread "Unconstrained build operations Thread 14" [_thread_blocked, id=28336, stack(0x0000000af7800000,0x0000000af7900000)]
  0x0000014ef232b610 JavaThread "Unconstrained build operations Thread 15" [_thread_blocked, id=13716, stack(0x0000000af7900000,0x0000000af7a00000)]
  0x0000014ef232e630 JavaThread "Unconstrained build operations Thread 16" [_thread_blocked, id=12000, stack(0x0000000af7a00000,0x0000000af7b00000)]
  0x0000014ef23307e0 JavaThread "Unconstrained build operations Thread 17" [_thread_blocked, id=20404, stack(0x0000000af7b00000,0x0000000af7c00000)]
  0x0000014ef232f970 JavaThread "Unconstrained build operations Thread 18" [_thread_blocked, id=4084, stack(0x0000000af7c00000,0x0000000af7d00000)]
  0x0000014ef232eb00 JavaThread "Unconstrained build operations Thread 19" [_thread_blocked, id=29676, stack(0x0000000af7d00000,0x0000000af7e00000)]
  0x0000014ef232efd0 JavaThread "jar transforms Thread 12" [_thread_blocked, id=25976, stack(0x0000000af7e00000,0x0000000af7f00000)]
  0x0000014ef232fe40 JavaThread "Memory manager" [_thread_blocked, id=8812, stack(0x0000000af7f00000,0x0000000af8000000)]
  0x0000014ef752d3d0 JavaThread "included builds" [_thread_blocked, id=15940, stack(0x0000000af8200000,0x0000000af8300000)]
  0x0000014ef75308c0 JavaThread "Execution worker" [_thread_blocked, id=3792, stack(0x0000000af8300000,0x0000000af8400000)]
  0x0000014ef7529a10 JavaThread "Execution worker Thread 2" [_thread_blocked, id=9776, stack(0x0000000af8400000,0x0000000af8500000)]
  0x0000014ef752cf00 JavaThread "Execution worker Thread 3" [_thread_blocked, id=15780, stack(0x0000000af8500000,0x0000000af8600000)]
  0x0000014ef752a880 JavaThread "Execution worker Thread 4" [_thread_blocked, id=28912, stack(0x0000000af8600000,0x0000000af8700000)]
  0x0000014ef752ad50 JavaThread "Execution worker Thread 5" [_thread_blocked, id=15160, stack(0x0000000af8700000,0x0000000af8800000)]
  0x0000014ef7529070 JavaThread "Execution worker Thread 6" [_thread_blocked, id=6732, stack(0x0000000af8800000,0x0000000af8900000)]
  0x0000014ef752a3b0 JavaThread "Execution worker Thread 7" [_thread_blocked, id=18208, stack(0x0000000af8900000,0x0000000af8a00000)]
  0x0000014ef752f0b0 JavaThread "Execution worker Thread 8" [_thread_blocked, id=8052, stack(0x0000000af8a00000,0x0000000af8b00000)]
  0x0000014ef7529540 JavaThread "Execution worker Thread 9" [_thread_blocked, id=26948, stack(0x0000000af8b00000,0x0000000af8c00000)]
  0x0000014ef752b220 JavaThread "Execution worker Thread 10" [_thread_blocked, id=2664, stack(0x0000000af8c00000,0x0000000af8d00000)]
  0x0000014ef752c090 JavaThread "Execution worker Thread 11" [_thread_blocked, id=29896, stack(0x0000000af8d00000,0x0000000af8e00000)]
  0x0000014ef752c560 JavaThread "Cache worker for execution history cache (C:\Users\Julia\IdeaProjects\geco\.gradle\7.5.1\executionHistory)" [_thread_blocked, id=6676, stack(0x0000000af8e00000,0x0000000af8f00000)]
  0x0000014ef752d8a0 JavaThread "Unconstrained build operations Thread 20" [_thread_blocked, id=10392, stack(0x0000000af8f00000,0x0000000af9000000)]
  0x0000014ef752ebe0 JavaThread "Unconstrained build operations Thread 21" [_thread_blocked, id=13432, stack(0x0000000af9000000,0x0000000af9100000)]
  0x0000014ef752dd70 JavaThread "Unconstrained build operations Thread 22" [_thread_blocked, id=24632, stack(0x0000000af9100000,0x0000000af9200000)]
  0x0000014ef752f580 JavaThread "Unconstrained build operations Thread 23" [_thread_blocked, id=12100, stack(0x0000000af9200000,0x0000000af9300000)]
  0x0000014ef752e240 JavaThread "Unconstrained build operations Thread 24" [_thread_blocked, id=25292, stack(0x0000000af9300000,0x0000000af9400000)]
  0x0000014ef752e710 JavaThread "Unconstrained build operations Thread 25" [_thread_blocked, id=21900, stack(0x0000000af9400000,0x0000000af9500000)]
  0x0000014ef752fa50 JavaThread "Unconstrained build operations Thread 26" [_thread_blocked, id=1516, stack(0x0000000af9500000,0x0000000af9600000)]
  0x0000014ef752ff20 JavaThread "Unconstrained build operations Thread 27" [_thread_blocked, id=20296, stack(0x0000000af9600000,0x0000000af9700000)]
  0x0000014ef60ce720 JavaThread "Unconstrained build operations Thread 28" [_thread_blocked, id=22836, stack(0x0000000af9700000,0x0000000af9800000)]
  0x0000014ef60d08d0 JavaThread "Unconstrained build operations Thread 29" [_thread_blocked, id=31100, stack(0x0000000af9800000,0x0000000af9900000)]
  0x0000014ef60cdd80 JavaThread "Unconstrained build operations Thread 30" [_thread_blocked, id=12472, stack(0x0000000af9900000,0x0000000af9a00000)]
  0x0000014ef60ce250 JavaThread "Unconstrained build operations Thread 31" [_thread_blocked, id=19936, stack(0x0000000af9a00000,0x0000000af9b00000)]
  0x0000014ef60ccf10 JavaThread "Unconstrained build operations Thread 32" [_thread_blocked, id=29016, stack(0x0000000af9b00000,0x0000000af9c00000)]
  0x0000014ef60d1270 JavaThread "Unconstrained build operations Thread 33" [_thread_blocked, id=30652, stack(0x0000000af9c00000,0x0000000af9d00000)]
  0x0000014ef60d0da0 JavaThread "Unconstrained build operations Thread 34" [_thread_blocked, id=7320, stack(0x0000000af9d00000,0x0000000af9e00000)]
  0x0000014ef60cfa60 JavaThread "Unconstrained build operations Thread 35" [_thread_blocked, id=17864, stack(0x0000000af9e00000,0x0000000af9f00000)]
  0x0000014ef60d1c10 JavaThread "Unconstrained build operations Thread 36" [_thread_blocked, id=11072, stack(0x0000000af9f00000,0x0000000afa000000)]
  0x0000014ef60cd3e0 JavaThread "Unconstrained build operations Thread 37" [_thread_blocked, id=26240, stack(0x0000000afa000000,0x0000000afa100000)]
  0x0000014ef60d1740 JavaThread "Unconstrained build operations Thread 38" [_thread_blocked, id=22740, stack(0x0000000afa100000,0x0000000afa200000)]
  0x0000014ef60cebf0 JavaThread "Unconstrained build operations Thread 39" [_thread_blocked, id=3600, stack(0x0000000afa200000,0x0000000afa300000)]
  0x0000014ef60d25b0 JavaThread "Unconstrained build operations Thread 40" [_thread_blocked, id=17268, stack(0x0000000afa300000,0x0000000afa400000)]
  0x0000014ef60cc0a0 JavaThread "Unconstrained build operations Thread 41" [_thread_blocked, id=12120, stack(0x0000000afa400000,0x0000000afa500000)]
  0x0000014ef60cf0c0 JavaThread "Unconstrained build operations Thread 42" [_thread_blocked, id=14404, stack(0x0000000afa500000,0x0000000afa600000)]
  0x0000014ef60d2a80 JavaThread "Unconstrained build operations Thread 43" [_thread_blocked, id=1744, stack(0x0000000afa600000,0x0000000afa700000)]
  0x0000014ef60d20e0 JavaThread "Unconstrained build operations Thread 44" [_thread_blocked, id=18256, stack(0x0000000afa700000,0x0000000afa800000)]
  0x0000014ef60cf590 JavaThread "Unconstrained build operations Thread 45" [_thread_blocked, id=21676, stack(0x0000000afa800000,0x0000000afa900000)]
  0x0000014ef60cff30 JavaThread "Unconstrained build operations Thread 46" [_thread_blocked, id=29028, stack(0x0000000afa900000,0x0000000afaa00000)]
  0x0000014ef60d0400 JavaThread "Unconstrained build operations Thread 47" [_thread_blocked, id=25464, stack(0x0000000afaa00000,0x0000000afab00000)]
  0x0000014ef60d2f50 JavaThread "Unconstrained build operations Thread 48" [_thread_blocked, id=30488, stack(0x0000000afab00000,0x0000000afac00000)]
  0x0000014ef60d3420 JavaThread "Unconstrained build operations Thread 49" [_thread_blocked, id=17216, stack(0x0000000afac00000,0x0000000afad00000)]
  0x0000014ef60cbbd0 JavaThread "Unconstrained build operations Thread 50" [_thread_blocked, id=15060, stack(0x0000000afad00000,0x0000000afae00000)]
  0x0000014ef60cd8b0 JavaThread "Unconstrained build operations Thread 51" [_thread_blocked, id=20340, stack(0x0000000afae00000,0x0000000afaf00000)]
  0x0000014ef60cc570 JavaThread "Unconstrained build operations Thread 52" [_thread_blocked, id=9572, stack(0x0000000afaf00000,0x0000000afb000000)]
  0x0000014ef60cca40 JavaThread "Unconstrained build operations Thread 53" [_thread_blocked, id=30860, stack(0x0000000afb000000,0x0000000afb100000)]
  0x0000014ef9a33710 JavaThread "Unconstrained build operations Thread 54" [_thread_blocked, id=18592, stack(0x0000000afb100000,0x0000000afb200000)]
  0x0000014ef9a31090 JavaThread "Unconstrained build operations Thread 55" [_thread_blocked, id=24272, stack(0x0000000afb200000,0x0000000afb300000)]
  0x0000014ef9a33be0 JavaThread "Unconstrained build operations Thread 56" [_thread_blocked, id=26632, stack(0x0000000afb300000,0x0000000afb400000)]
  0x0000014ef9a31560 JavaThread "Unconstrained build operations Thread 57" [_thread_blocked, id=30852, stack(0x0000000afb400000,0x0000000afb500000)]
  0x0000014ef9a32d70 JavaThread "Unconstrained build operations Thread 58" [_thread_blocked, id=13000, stack(0x0000000afb500000,0x0000000afb600000)]
  0x0000014ef9a31f00 JavaThread "Unconstrained build operations Thread 59" [_thread_blocked, id=29292, stack(0x0000000afb600000,0x0000000afb700000)]
  0x0000014ef9a34580 JavaThread "Unconstrained build operations Thread 60" [_thread_blocked, id=17964, stack(0x0000000afb700000,0x0000000afb800000)]
  0x0000014ef9a31a30 JavaThread "Unconstrained build operations Thread 61" [_thread_blocked, id=8984, stack(0x0000000afb800000,0x0000000afb900000)]
  0x0000014ef9a323d0 JavaThread "Unconstrained build operations Thread 62" [_thread_blocked, id=12604, stack(0x0000000afb900000,0x0000000afba00000)]
  0x0000014ef9a34a50 JavaThread "Unconstrained build operations Thread 63" [_thread_blocked, id=6000, stack(0x0000000afba00000,0x0000000afbb00000)]
  0x0000014ef9a33240 JavaThread "Unconstrained build operations Thread 64" [_thread_blocked, id=18760, stack(0x0000000afbb00000,0x0000000afbc00000)]
  0x0000014ef7b6f2c0 JavaThread "Unconstrained build operations Thread 65" [_thread_blocked, id=7800, stack(0x0000000afbc00000,0x0000000afbd00000)]
  0x0000014ef7b6dab0 JavaThread "Unconstrained build operations Thread 66" [_thread_blocked, id=21952, stack(0x0000000afbd00000,0x0000000afbe00000)]
  0x0000014ef7b6c770 JavaThread "Unconstrained build operations Thread 67" [_thread_blocked, id=18240, stack(0x0000000afbe00000,0x0000000afbf00000)]
  0x0000014ef7b6b900 JavaThread "Unconstrained build operations Thread 68" [_thread_blocked, id=19744, stack(0x0000000afbf00000,0x0000000afc000000)]
  0x0000014ef7b6d5e0 JavaThread "Unconstrained build operations Thread 69" [_thread_blocked, id=30040, stack(0x0000000afc000000,0x0000000afc100000)]
  0x0000014ef7b71e10 JavaThread "Exec process" [_thread_in_native, id=1536, stack(0x0000000afc100000,0x0000000afc200000)]
  0x0000014ef7b6edf0 JavaThread "DisconnectableInputStream source reader" daemon [_thread_blocked, id=18084, stack(0x0000000afc200000,0x0000000afc300000)]
  0x0000014ef7b6af60 JavaThread "Exec process Thread 2" [_thread_blocked, id=4152, stack(0x0000000afc300000,0x0000000afc400000)]
  0x0000014ef7b70fa0 JavaThread "Exec process Thread 3" [_thread_in_native, id=10200, stack(0x0000000afc400000,0x0000000afc500000)]
  0x0000014ef7b70130 JavaThread "Exec process Thread 4" [_thread_in_native, id=30876, stack(0x0000000afc500000,0x0000000afc600000)]

Other Threads:
  0x0000014eee9272d0 VMThread "VM Thread" [stack: 0x0000000af2a00000,0x0000000af2b00000] [id=1812]
  0x0000014ed1a63580 WatcherThread [stack: 0x0000000af3900000,0x0000000af3a00000] [id=18520]
  0x0000014ed1a47890 GCTaskThread "GC Thread#0" [stack: 0x0000000af2500000,0x0000000af2600000] [id=12648]
  0x0000014ef0f64a40 GCTaskThread "GC Thread#1" [stack: 0x0000000af3c00000,0x0000000af3d00000] [id=25536]
  0x0000014ef0f64cf0 GCTaskThread "GC Thread#2" [stack: 0x0000000af3d00000,0x0000000af3e00000] [id=8460]
  0x0000014ef0f64fa0 GCTaskThread "GC Thread#3" [stack: 0x0000000af3e00000,0x0000000af3f00000] [id=25932]
  0x0000014ef0f65250 GCTaskThread "GC Thread#4" [stack: 0x0000000af3f00000,0x0000000af4000000] [id=23132]
  0x0000014ef0f65500 GCTaskThread "GC Thread#5" [stack: 0x0000000af4000000,0x0000000af4100000] [id=23416]
  0x0000014ef0f65a60 GCTaskThread "GC Thread#6" [stack: 0x0000000af4100000,0x0000000af4200000] [id=26204]
  0x0000014ef0f63f80 GCTaskThread "GC Thread#7" [stack: 0x0000000af4200000,0x0000000af4300000] [id=19356]
  0x0000014ef0f64790 GCTaskThread "GC Thread#8" [stack: 0x0000000af4300000,0x0000000af4400000] [id=20792]
  0x0000014ef0f64230 GCTaskThread "GC Thread#9" [stack: 0x0000000af4400000,0x0000000af4500000] [id=5048]
  0x0000014ed1a4c7d0 ConcurrentGCThread "G1 Main Marker" [stack: 0x0000000af2600000,0x0000000af2700000] [id=21944]
  0x0000014ed1a4e350 ConcurrentGCThread "G1 Conc#0" [stack: 0x0000000af2700000,0x0000000af2800000] [id=30956]
  0x0000014ef15929f0 ConcurrentGCThread "G1 Conc#1" [stack: 0x0000000af5900000,0x0000000af5a00000] [id=11064]
  0x0000014ef1592ca0 ConcurrentGCThread "G1 Conc#2" [stack: 0x0000000af5a00000,0x0000000af5b00000] [id=31372]
  0x0000014ed1aed540 ConcurrentGCThread "G1 Refine#0" [stack: 0x0000000af2800000,0x0000000af2900000] [id=10156]
  0x0000014ef6b45870 ConcurrentGCThread "G1 Refine#1" [stack: 0x0000000af6600000,0x0000000af6700000] [id=22004]
  0x0000014ef2350c00 ConcurrentGCThread "G1 Refine#2" [stack: 0x0000000af8000000,0x0000000af8100000] [id=30496]
  0x0000014ef2350640 ConcurrentGCThread "G1 Refine#3" [stack: 0x0000000af8100000,0x0000000af8200000] [id=30444]
  0x0000014eee7ec110 ConcurrentGCThread "G1 Service" [stack: 0x0000000af2900000,0x0000000af2a00000] [id=2712]

Threads with active compile tasks:
C2 CompilerThread0    93783 8222       4       javax.management.ObjectName::construct (1135 bytes)

VM state: not at safepoint (normal execution)

VM Mutex/Monitor currently owned by a thread: None

Heap address: 0x00000000e0000000, size: 512 MB, Compressed Oops mode: 32-bit

CDS archive(s) mapped at: [0x0000000800000000-0x0000000800bc0000-0x0000000800bc0000), size 12320768, SharedBaseAddress: 0x0000000800000000, ArchiveRelocationMode: 0.
Compressed class space mapped at: 0x0000000800c00000-0x000000080dc00000, reserved size: 218103808
Narrow klass base: 0x0000000800000000, Narrow klass shift: 0, Narrow klass range: 0x100000000

GC Precious Log:
 CPUs: 12 total, 12 available
 Memory: 15823M
 Large Page Support: Disabled
 NUMA Support: Disabled
 Compressed Oops: Enabled (32-bit)
 Heap Region Size: 1M
 Heap Min Capacity: 256M
 Heap Initial Capacity: 256M
 Heap Max Capacity: 512M
 Pre-touch: Disabled
 Parallel Workers: 10
 Concurrent Workers: 3
 Concurrent Refinement Workers: 10
 Periodic GC: Disabled

Heap:
 garbage-first heap   total 262144K, used 164670K [0x00000000e0000000, 0x0000000100000000)
  region size 1024K, 125 young (128000K), 2 survivors (2048K)
 Metaspace       used 56770K, committed 57408K, reserved 270336K
  class space    used 7894K, committed 8192K, reserved 212992K

Heap Regions: E=young(eden), S=young(survivor), O=old, HS=humongous(starts), HC=humongous(continues), CS=collection set, F=free, OA=open archive, CA=closed archive, TAMS=top-at-mark-start (previous, next)
|   0|0x00000000e0000000, 0x00000000e0100000, 0x00000000e0100000|100%| O|  |TAMS 0x00000000e0100000, 0x00000000e0000000| Untracked 
|   1|0x00000000e0100000, 0x00000000e0200000, 0x00000000e0200000|100%| O|  |TAMS 0x00000000e0200000, 0x00000000e0100000| Untracked 
|   2|0x00000000e0200000, 0x00000000e0300000, 0x00000000e0300000|100%| O|  |TAMS 0x00000000e0300000, 0x00000000e0200000| Untracked 
|   3|0x00000000e0300000, 0x00000000e0400000, 0x00000000e0400000|100%|HS|  |TAMS 0x00000000e0400000, 0x00000000e0300000| Complete 
|   4|0x00000000e0400000, 0x00000000e0500000, 0x00000000e0500000|100%|HC|  |TAMS 0x00000000e0500000, 0x00000000e0400000| Complete 
|   5|0x00000000e0500000, 0x00000000e0600000, 0x00000000e0600000|100%|HC|  |TAMS 0x00000000e0600000, 0x00000000e0500000| Complete 
|   6|0x00000000e0600000, 0x00000000e0700000, 0x00000000e0700000|100%| O|  |TAMS 0x00000000e0700000, 0x00000000e0600000| Untracked 
|   7|0x00000000e0700000, 0x00000000e0800000, 0x00000000e0800000|100%| O|  |TAMS 0x00000000e0800000, 0x00000000e0700000| Untracked 
|   8|0x00000000e0800000, 0x00000000e0900000, 0x00000000e0900000|100%| O|  |TAMS 0x00000000e0900000, 0x00000000e0800000| Untracked 
|   9|0x00000000e0900000, 0x00000000e0a00000, 0x00000000e0a00000|100%| O|  |TAMS 0x00000000e0900000, 0x00000000e0900000| Untracked 
|  10|0x00000000e0a00000, 0x00000000e0b00000, 0x00000000e0b00000|100%| O|  |TAMS 0x00000000e0b00000, 0x00000000e0a00000| Untracked 
|  11|0x00000000e0b00000, 0x00000000e0c00000, 0x00000000e0c00000|100%| O|  |TAMS 0x00000000e0c00000, 0x00000000e0b00000| Untracked 
|  12|0x00000000e0c00000, 0x00000000e0d00000, 0x00000000e0d00000|100%| O|  |TAMS 0x00000000e0d00000, 0x00000000e0c00000| Untracked 
|  13|0x00000000e0d00000, 0x00000000e0e00000, 0x00000000e0e00000|100%| O|  |TAMS 0x00000000e0e00000, 0x00000000e0d00000| Untracked 
|  14|0x00000000e0e00000, 0x00000000e0f00000, 0x00000000e0f00000|100%| O|  |TAMS 0x00000000e0f00000, 0x00000000e0e00000| Untracked 
|  15|0x00000000e0f00000, 0x00000000e1000000, 0x00000000e1000000|100%| O|  |TAMS 0x00000000e1000000, 0x00000000e0f00000| Untracked 
|  16|0x00000000e1000000, 0x00000000e1100000, 0x00000000e1100000|100%| O|  |TAMS 0x00000000e1100000, 0x00000000e1000000| Untracked 
|  17|0x00000000e1100000, 0x00000000e1100000, 0x00000000e1200000|  0%| F|  |TAMS 0x00000000e1100000, 0x00000000e1100000| Untracked 
|  18|0x00000000e1200000, 0x00000000e1300000, 0x00000000e1300000|100%| O|  |TAMS 0x00000000e1300000, 0x00000000e1200000| Untracked 
|  19|0x00000000e1300000, 0x00000000e1400000, 0x00000000e1400000|100%| O|  |TAMS 0x00000000e1400000, 0x00000000e1300000| Untracked 
|  20|0x00000000e1400000, 0x00000000e1500000, 0x00000000e1500000|100%| O|  |TAMS 0x00000000e1500000, 0x00000000e1400000| Untracked 
|  21|0x00000000e1500000, 0x00000000e1600000, 0x00000000e1600000|100%| O|  |TAMS 0x00000000e1600000, 0x00000000e1500000| Untracked 
|  22|0x00000000e1600000, 0x00000000e1700000, 0x00000000e1700000|100%| O|  |TAMS 0x00000000e1700000, 0x00000000e1600000| Untracked 
|  23|0x00000000e1700000, 0x00000000e1800000, 0x00000000e1800000|100%| O|  |TAMS 0x00000000e1800000, 0x00000000e1700000| Untracked 
|  24|0x00000000e1800000, 0x00000000e1900000, 0x00000000e1900000|100%| O|  |TAMS 0x00000000e1900000, 0x00000000e1800000| Untracked 
|  25|0x00000000e1900000, 0x00000000e1a00000, 0x00000000e1a00000|100%| O|  |TAMS 0x00000000e1a00000, 0x00000000e1900000| Untracked 
|  26|0x00000000e1a00000, 0x00000000e1b00000, 0x00000000e1b00000|100%| O|  |TAMS 0x00000000e1b00000, 0x00000000e1a00000| Untracked 
|  27|0x00000000e1b00000, 0x00000000e1c00000, 0x00000000e1c00000|100%| O|  |TAMS 0x00000000e1c00000, 0x00000000e1b00000| Untracked 
|  28|0x00000000e1c00000, 0x00000000e1d00000, 0x00000000e1d00000|100%| O|  |TAMS 0x00000000e1d00000, 0x00000000e1c00000| Untracked 
|  29|0x00000000e1d00000, 0x00000000e1e00000, 0x00000000e1e00000|100%| O|  |TAMS 0x00000000e1e00000, 0x00000000e1d00000| Untracked 
|  30|0x00000000e1e00000, 0x00000000e1f00000, 0x00000000e1f00000|100%| O|  |TAMS 0x00000000e1e30e00, 0x00000000e1e00000| Untracked 
|  31|0x00000000e1f00000, 0x00000000e2000000, 0x00000000e2000000|100%| O|  |TAMS 0x00000000e1f00000, 0x00000000e1f00000| Untracked 
|  32|0x00000000e2000000, 0x00000000e2100000, 0x00000000e2100000|100%| O|  |TAMS 0x00000000e2000000, 0x00000000e2000000| Untracked 
|  33|0x00000000e2100000, 0x00000000e2200000, 0x00000000e2200000|100%| O|  |TAMS 0x00000000e2100000, 0x00000000e2100000| Untracked 
|  34|0x00000000e2200000, 0x00000000e2300000, 0x00000000e2300000|100%| O|  |TAMS 0x00000000e2200000, 0x00000000e2200000| Untracked 
|  35|0x00000000e2300000, 0x00000000e2400000, 0x00000000e2400000|100%| O|  |TAMS 0x00000000e2300000, 0x00000000e2300000| Untracked 
|  36|0x00000000e2400000, 0x00000000e2500000, 0x00000000e2500000|100%| O|  |TAMS 0x00000000e2400000, 0x00000000e2400000| Untracked 
|  37|0x00000000e2500000, 0x00000000e2600000, 0x00000000e2600000|100%| O|  |TAMS 0x00000000e2500000, 0x00000000e2500000| Untracked 
|  38|0x00000000e2600000, 0x00000000e2700000, 0x00000000e2700000|100%| O|  |TAMS 0x00000000e2600000, 0x00000000e2600000| Untracked 
|  39|0x00000000e2700000, 0x00000000e27ac000, 0x00000000e2800000| 67%| O|  |TAMS 0x00000000e2700000, 0x00000000e2700000| Untracked 
|  40|0x00000000e2800000, 0x00000000e2800000, 0x00000000e2900000|  0%| F|  |TAMS 0x00000000e2800000, 0x00000000e2800000| Untracked 
|  41|0x00000000e2900000, 0x00000000e2900000, 0x00000000e2a00000|  0%| F|  |TAMS 0x00000000e2900000, 0x00000000e2900000| Untracked 
|  42|0x00000000e2a00000, 0x00000000e2a00000, 0x00000000e2b00000|  0%| F|  |TAMS 0x00000000e2a00000, 0x00000000e2a00000| Untracked 
|  43|0x00000000e2b00000, 0x00000000e2b00000, 0x00000000e2c00000|  0%| F|  |TAMS 0x00000000e2b00000, 0x00000000e2b00000| Untracked 
|  44|0x00000000e2c00000, 0x00000000e2c00000, 0x00000000e2d00000|  0%| F|  |TAMS 0x00000000e2c00000, 0x00000000e2c00000| Untracked 
|  45|0x00000000e2d00000, 0x00000000e2d00000, 0x00000000e2e00000|  0%| F|  |TAMS 0x00000000e2d00000, 0x00000000e2d00000| Untracked 
|  46|0x00000000e2e00000, 0x00000000e2e00000, 0x00000000e2f00000|  0%| F|  |TAMS 0x00000000e2e00000, 0x00000000e2e00000| Untracked 
|  47|0x00000000e2f00000, 0x00000000e2f00000, 0x00000000e3000000|  0%| F|  |TAMS 0x00000000e2f00000, 0x00000000e2f00000| Untracked 
|  48|0x00000000e3000000, 0x00000000e3000000, 0x00000000e3100000|  0%| F|  |TAMS 0x00000000e3000000, 0x00000000e3000000| Untracked 
|  49|0x00000000e3100000, 0x00000000e3100000, 0x00000000e3200000|  0%| F|  |TAMS 0x00000000e3100000, 0x00000000e3100000| Untracked 
|  50|0x00000000e3200000, 0x00000000e3200000, 0x00000000e3300000|  0%| F|  |TAMS 0x00000000e3200000, 0x00000000e3200000| Untracked 
|  51|0x00000000e3300000, 0x00000000e3300000, 0x00000000e3400000|  0%| F|  |TAMS 0x00000000e3300000, 0x00000000e3300000| Untracked 
|  52|0x00000000e3400000, 0x00000000e3400000, 0x00000000e3500000|  0%| F|  |TAMS 0x00000000e3400000, 0x00000000e3400000| Untracked 
|  53|0x00000000e3500000, 0x00000000e3500000, 0x00000000e3600000|  0%| F|  |TAMS 0x00000000e3500000, 0x00000000e3500000| Untracked 
|  54|0x00000000e3600000, 0x00000000e3600000, 0x00000000e3700000|  0%| F|  |TAMS 0x00000000e3600000, 0x00000000e3600000| Untracked 
|  55|0x00000000e3700000, 0x00000000e3700000, 0x00000000e3800000|  0%| F|  |TAMS 0x00000000e3700000, 0x00000000e3700000| Untracked 
|  56|0x00000000e3800000, 0x00000000e3800000, 0x00000000e3900000|  0%| F|  |TAMS 0x00000000e3800000, 0x00000000e3800000| Untracked 
|  57|0x00000000e3900000, 0x00000000e3900000, 0x00000000e3a00000|  0%| F|  |TAMS 0x00000000e3900000, 0x00000000e3900000| Untracked 
|  58|0x00000000e3a00000, 0x00000000e3a00000, 0x00000000e3b00000|  0%| F|  |TAMS 0x00000000e3a00000, 0x00000000e3a00000| Untracked 
|  59|0x00000000e3b00000, 0x00000000e3b00000, 0x00000000e3c00000|  0%| F|  |TAMS 0x00000000e3b00000, 0x00000000e3b00000| Untracked 
|  60|0x00000000e3c00000, 0x00000000e3c00000, 0x00000000e3d00000|  0%| F|  |TAMS 0x00000000e3c00000, 0x00000000e3c00000| Untracked 
|  61|0x00000000e3d00000, 0x00000000e3d00000, 0x00000000e3e00000|  0%| F|  |TAMS 0x00000000e3d00000, 0x00000000e3d00000| Untracked 
|  62|0x00000000e3e00000, 0x00000000e3e00000, 0x00000000e3f00000|  0%| F|  |TAMS 0x00000000e3e00000, 0x00000000e3e00000| Untracked 
|  63|0x00000000e3f00000, 0x00000000e3f00000, 0x00000000e4000000|  0%| F|  |TAMS 0x00000000e3f00000, 0x00000000e3f00000| Untracked 
|  64|0x00000000e4000000, 0x00000000e4000000, 0x00000000e4100000|  0%| F|  |TAMS 0x00000000e4000000, 0x00000000e4000000| Untracked 
|  65|0x00000000e4100000, 0x00000000e4100000, 0x00000000e4200000|  0%| F|  |TAMS 0x00000000e4100000, 0x00000000e4100000| Untracked 
|  66|0x00000000e4200000, 0x00000000e4200000, 0x00000000e4300000|  0%| F|  |TAMS 0x00000000e4200000, 0x00000000e4200000| Untracked 
|  67|0x00000000e4300000, 0x00000000e4300000, 0x00000000e4400000|  0%| F|  |TAMS 0x00000000e4300000, 0x00000000e4300000| Untracked 
|  68|0x00000000e4400000, 0x00000000e4400000, 0x00000000e4500000|  0%| F|  |TAMS 0x00000000e4400000, 0x00000000e4400000| Untracked 
|  69|0x00000000e4500000, 0x00000000e4500000, 0x00000000e4600000|  0%| F|  |TAMS 0x00000000e4500000, 0x00000000e4500000| Untracked 
|  70|0x00000000e4600000, 0x00000000e4600000, 0x00000000e4700000|  0%| F|  |TAMS 0x00000000e4600000, 0x00000000e4600000| Untracked 
|  71|0x00000000e4700000, 0x00000000e4700000, 0x00000000e4800000|  0%| F|  |TAMS 0x00000000e4700000, 0x00000000e4700000| Untracked 
|  72|0x00000000e4800000, 0x00000000e4800000, 0x00000000e4900000|  0%| F|  |TAMS 0x00000000e4800000, 0x00000000e4800000| Untracked 
|  73|0x00000000e4900000, 0x00000000e4900000, 0x00000000e4a00000|  0%| F|  |TAMS 0x00000000e4900000, 0x00000000e4900000| Untracked 
|  74|0x00000000e4a00000, 0x00000000e4a00000, 0x00000000e4b00000|  0%| F|  |TAMS 0x00000000e4a00000, 0x00000000e4a00000| Untracked 
|  75|0x00000000e4b00000, 0x00000000e4b00000, 0x00000000e4c00000|  0%| F|  |TAMS 0x00000000e4b00000, 0x00000000e4b00000| Untracked 
|  76|0x00000000e4c00000, 0x00000000e4c00000, 0x00000000e4d00000|  0%| F|  |TAMS 0x00000000e4c00000, 0x00000000e4c00000| Untracked 
|  77|0x00000000e4d00000, 0x00000000e4d00000, 0x00000000e4e00000|  0%| F|  |TAMS 0x00000000e4d00000, 0x00000000e4d00000| Untracked 
|  78|0x00000000e4e00000, 0x00000000e4e00000, 0x00000000e4f00000|  0%| F|  |TAMS 0x00000000e4e00000, 0x00000000e4e00000| Untracked 
|  79|0x00000000e4f00000, 0x00000000e4f00000, 0x00000000e5000000|  0%| F|  |TAMS 0x00000000e4f00000, 0x00000000e4f00000| Untracked 
|  80|0x00000000e5000000, 0x00000000e5000000, 0x00000000e5100000|  0%| F|  |TAMS 0x00000000e5000000, 0x00000000e5000000| Untracked 
|  81|0x00000000e5100000, 0x00000000e5100000, 0x00000000e5200000|  0%| F|  |TAMS 0x00000000e5100000, 0x00000000e5100000| Untracked 
|  82|0x00000000e5200000, 0x00000000e5200000, 0x00000000e5300000|  0%| F|  |TAMS 0x00000000e5200000, 0x00000000e5200000| Untracked 
|  83|0x00000000e5300000, 0x00000000e5300000, 0x00000000e5400000|  0%| F|  |TAMS 0x00000000e5300000, 0x00000000e5300000| Untracked 
|  84|0x00000000e5400000, 0x00000000e5400000, 0x00000000e5500000|  0%| F|  |TAMS 0x00000000e5400000, 0x00000000e5400000| Untracked 
|  85|0x00000000e5500000, 0x00000000e5500000, 0x00000000e5600000|  0%| F|  |TAMS 0x00000000e5500000, 0x00000000e5500000| Untracked 
|  86|0x00000000e5600000, 0x00000000e5600000, 0x00000000e5700000|  0%| F|  |TAMS 0x00000000e5600000, 0x00000000e5600000| Untracked 
|  87|0x00000000e5700000, 0x00000000e5700000, 0x00000000e5800000|  0%| F|  |TAMS 0x00000000e5700000, 0x00000000e5700000| Untracked 
|  88|0x00000000e5800000, 0x00000000e5800000, 0x00000000e5900000|  0%| F|  |TAMS 0x00000000e5800000, 0x00000000e5800000| Untracked 
|  89|0x00000000e5900000, 0x00000000e5900000, 0x00000000e5a00000|  0%| F|  |TAMS 0x00000000e5900000, 0x00000000e5900000| Untracked 
|  90|0x00000000e5a00000, 0x00000000e5a00000, 0x00000000e5b00000|  0%| F|  |TAMS 0x00000000e5a00000, 0x00000000e5a00000| Untracked 
|  91|0x00000000e5b00000, 0x00000000e5b00000, 0x00000000e5c00000|  0%| F|  |TAMS 0x00000000e5b00000, 0x00000000e5b00000| Untracked 
|  92|0x00000000e5c00000, 0x00000000e5c00000, 0x00000000e5d00000|  0%| F|  |TAMS 0x00000000e5c00000, 0x00000000e5c00000| Untracked 
|  93|0x00000000e5d00000, 0x00000000e5d00000, 0x00000000e5e00000|  0%| F|  |TAMS 0x00000000e5d00000, 0x00000000e5d00000| Untracked 
|  94|0x00000000e5e00000, 0x00000000e5e00000, 0x00000000e5f00000|  0%| F|  |TAMS 0x00000000e5e00000, 0x00000000e5e00000| Untracked 
|  95|0x00000000e5f00000, 0x00000000e5f00000, 0x00000000e6000000|  0%| F|  |TAMS 0x00000000e5f00000, 0x00000000e5f00000| Untracked 
|  96|0x00000000e6000000, 0x00000000e6000000, 0x00000000e6100000|  0%| F|  |TAMS 0x00000000e6000000, 0x00000000e6000000| Untracked 
|  97|0x00000000e6100000, 0x00000000e6100000, 0x00000000e6200000|  0%| F|  |TAMS 0x00000000e6100000, 0x00000000e6100000| Untracked 
|  98|0x00000000e6200000, 0x00000000e6200000, 0x00000000e6300000|  0%| F|  |TAMS 0x00000000e6200000, 0x00000000e6200000| Untracked 
|  99|0x00000000e6300000, 0x00000000e6300000, 0x00000000e6400000|  0%| F|  |TAMS 0x00000000e6300000, 0x00000000e6300000| Untracked 
| 100|0x00000000e6400000, 0x00000000e6400000, 0x00000000e6500000|  0%| F|  |TAMS 0x00000000e6400000, 0x00000000e6400000| Untracked 
| 101|0x00000000e6500000, 0x00000000e6500000, 0x00000000e6600000|  0%| F|  |TAMS 0x00000000e6500000, 0x00000000e6500000| Untracked 
| 102|0x00000000e6600000, 0x00000000e6600000, 0x00000000e6700000|  0%| F|  |TAMS 0x00000000e6600000, 0x00000000e6600000| Untracked 
| 103|0x00000000e6700000, 0x00000000e6700000, 0x00000000e6800000|  0%| F|  |TAMS 0x00000000e6700000, 0x00000000e6700000| Untracked 
| 104|0x00000000e6800000, 0x00000000e6800000, 0x00000000e6900000|  0%| F|  |TAMS 0x00000000e6800000, 0x00000000e6800000| Untracked 
| 105|0x00000000e6900000, 0x00000000e6900000, 0x00000000e6a00000|  0%| F|  |TAMS 0x00000000e6900000, 0x00000000e6900000| Untracked 
| 106|0x00000000e6a00000, 0x00000000e6a00000, 0x00000000e6b00000|  0%| F|  |TAMS 0x00000000e6a00000, 0x00000000e6a00000| Untracked 
| 107|0x00000000e6b00000, 0x00000000e6b00000, 0x00000000e6c00000|  0%| F|  |TAMS 0x00000000e6b00000, 0x00000000e6b00000| Untracked 
| 108|0x00000000e6c00000, 0x00000000e6c00000, 0x00000000e6d00000|  0%| F|  |TAMS 0x00000000e6c00000, 0x00000000e6c00000| Untracked 
| 109|0x00000000e6d00000, 0x00000000e6d00000, 0x00000000e6e00000|  0%| F|  |TAMS 0x00000000e6d00000, 0x00000000e6d00000| Untracked 
| 110|0x00000000e6e00000, 0x00000000e6e00000, 0x00000000e6f00000|  0%| F|  |TAMS 0x00000000e6e00000, 0x00000000e6e00000| Untracked 
| 111|0x00000000e6f00000, 0x00000000e6f00000, 0x00000000e7000000|  0%| F|  |TAMS 0x00000000e6f00000, 0x00000000e6f00000| Untracked 
| 112|0x00000000e7000000, 0x00000000e7000000, 0x00000000e7100000|  0%| F|  |TAMS 0x00000000e7000000, 0x00000000e7000000| Untracked 
| 113|0x00000000e7100000, 0x00000000e7100000, 0x00000000e7200000|  0%| F|  |TAMS 0x00000000e7100000, 0x00000000e7100000| Untracked 
| 114|0x00000000e7200000, 0x00000000e7200000, 0x00000000e7300000|  0%| F|  |TAMS 0x00000000e7200000, 0x00000000e7200000| Untracked 
| 115|0x00000000e7300000, 0x00000000e7300000, 0x00000000e7400000|  0%| F|  |TAMS 0x00000000e7300000, 0x00000000e7300000| Untracked 
| 116|0x00000000e7400000, 0x00000000e7400000, 0x00000000e7500000|  0%| F|  |TAMS 0x00000000e7400000, 0x00000000e7400000| Untracked 
| 117|0x00000000e7500000, 0x00000000e7500000, 0x00000000e7600000|  0%| F|  |TAMS 0x00000000e7500000, 0x00000000e7500000| Untracked 
| 118|0x00000000e7600000, 0x00000000e7600000, 0x00000000e7700000|  0%| F|  |TAMS 0x00000000e7600000, 0x00000000e7600000| Untracked 
| 119|0x00000000e7700000, 0x00000000e7700000, 0x00000000e7800000|  0%| F|  |TAMS 0x00000000e7700000, 0x00000000e7700000| Untracked 
| 120|0x00000000e7800000, 0x00000000e7800000, 0x00000000e7900000|  0%| F|  |TAMS 0x00000000e7800000, 0x00000000e7800000| Untracked 
| 121|0x00000000e7900000, 0x00000000e7900000, 0x00000000e7a00000|  0%| F|  |TAMS 0x00000000e7900000, 0x00000000e7900000| Untracked 
| 122|0x00000000e7a00000, 0x00000000e7a00000, 0x00000000e7b00000|  0%| F|  |TAMS 0x00000000e7a00000, 0x00000000e7a00000| Untracked 
| 123|0x00000000e7b00000, 0x00000000e7b00000, 0x00000000e7c00000|  0%| F|  |TAMS 0x00000000e7b00000, 0x00000000e7b00000| Untracked 
| 124|0x00000000e7c00000, 0x00000000e7c00000, 0x00000000e7d00000|  0%| F|  |TAMS 0x00000000e7c00000, 0x00000000e7c00000| Untracked 
| 125|0x00000000e7d00000, 0x00000000e7d00000, 0x00000000e7e00000|  0%| F|  |TAMS 0x00000000e7d00000, 0x00000000e7d00000| Untracked 
| 126|0x00000000e7e00000, 0x00000000e7e00000, 0x00000000e7f00000|  0%| F|  |TAMS 0x00000000e7e00000, 0x00000000e7e00000| Untracked 
| 127|0x00000000e7f00000, 0x00000000e7f00000, 0x00000000e8000000|  0%| F|  |TAMS 0x00000000e7f00000, 0x00000000e7f00000| Untracked 
| 128|0x00000000e8000000, 0x00000000e8000000, 0x00000000e8100000|  0%| F|  |TAMS 0x00000000e8000000, 0x00000000e8000000| Untracked 
| 129|0x00000000e8100000, 0x00000000e8100000, 0x00000000e8200000|  0%| F|  |TAMS 0x00000000e8100000, 0x00000000e8100000| Untracked 
| 130|0x00000000e8200000, 0x00000000e8200000, 0x00000000e8300000|  0%| F|  |TAMS 0x00000000e8200000, 0x00000000e8200000| Untracked 
| 131|0x00000000e8300000, 0x00000000e83a2908, 0x00000000e8400000| 63%| E|  |TAMS 0x00000000e8300000, 0x00000000e8300000| Complete 
| 132|0x00000000e8400000, 0x00000000e8500000, 0x00000000e8500000|100%| E|CS|TAMS 0x00000000e8400000, 0x00000000e8400000| Complete 
| 133|0x00000000e8500000, 0x00000000e8600000, 0x00000000e8600000|100%| E|CS|TAMS 0x00000000e8500000, 0x00000000e8500000| Complete 
| 134|0x00000000e8600000, 0x00000000e8700000, 0x00000000e8700000|100%| E|CS|TAMS 0x00000000e8600000, 0x00000000e8600000| Complete 
| 135|0x00000000e8700000, 0x00000000e8800000, 0x00000000e8800000|100%| E|CS|TAMS 0x00000000e8700000, 0x00000000e8700000| Complete 
| 136|0x00000000e8800000, 0x00000000e8900000, 0x00000000e8900000|100%| E|CS|TAMS 0x00000000e8800000, 0x00000000e8800000| Complete 
| 137|0x00000000e8900000, 0x00000000e8a00000, 0x00000000e8a00000|100%| E|CS|TAMS 0x00000000e8900000, 0x00000000e8900000| Complete 
| 138|0x00000000e8a00000, 0x00000000e8b00000, 0x00000000e8b00000|100%| E|CS|TAMS 0x00000000e8a00000, 0x00000000e8a00000| Complete 
| 139|0x00000000e8b00000, 0x00000000e8c00000, 0x00000000e8c00000|100%| E|CS|TAMS 0x00000000e8b00000, 0x00000000e8b00000| Complete 
| 140|0x00000000e8c00000, 0x00000000e8d00000, 0x00000000e8d00000|100%| E|CS|TAMS 0x00000000e8c00000, 0x00000000e8c00000| Complete 
| 141|0x00000000e8d00000, 0x00000000e8e00000, 0x00000000e8e00000|100%| E|CS|TAMS 0x00000000e8d00000, 0x00000000e8d00000| Complete 
| 142|0x00000000e8e00000, 0x00000000e8f00000, 0x00000000e8f00000|100%| E|CS|TAMS 0x00000000e8e00000, 0x00000000e8e00000| Complete 
| 143|0x00000000e8f00000, 0x00000000e9000000, 0x00000000e9000000|100%| E|CS|TAMS 0x00000000e8f00000, 0x00000000e8f00000| Complete 
| 144|0x00000000e9000000, 0x00000000e9100000, 0x00000000e9100000|100%| E|CS|TAMS 0x00000000e9000000, 0x00000000e9000000| Complete 
| 145|0x00000000e9100000, 0x00000000e9200000, 0x00000000e9200000|100%| E|CS|TAMS 0x00000000e9100000, 0x00000000e9100000| Complete 
| 146|0x00000000e9200000, 0x00000000e9300000, 0x00000000e9300000|100%| E|CS|TAMS 0x00000000e9200000, 0x00000000e9200000| Complete 
| 147|0x00000000e9300000, 0x00000000e9400000, 0x00000000e9400000|100%| E|CS|TAMS 0x00000000e9300000, 0x00000000e9300000| Complete 
| 148|0x00000000e9400000, 0x00000000e9500000, 0x00000000e9500000|100%| E|CS|TAMS 0x00000000e9400000, 0x00000000e9400000| Complete 
| 149|0x00000000e9500000, 0x00000000e9600000, 0x00000000e9600000|100%| E|CS|TAMS 0x00000000e9500000, 0x00000000e9500000| Complete 
| 150|0x00000000e9600000, 0x00000000e9700000, 0x00000000e9700000|100%| E|CS|TAMS 0x00000000e9600000, 0x00000000e9600000| Complete 
| 151|0x00000000e9700000, 0x00000000e9800000, 0x00000000e9800000|100%| E|  |TAMS 0x00000000e9700000, 0x00000000e9700000| Complete 
| 152|0x00000000e9800000, 0x00000000e9900000, 0x00000000e9900000|100%| E|CS|TAMS 0x00000000e9800000, 0x00000000e9800000| Complete 
| 153|0x00000000e9900000, 0x00000000e9a00000, 0x00000000e9a00000|100%| E|CS|TAMS 0x00000000e9900000, 0x00000000e9900000| Complete 
| 154|0x00000000e9a00000, 0x00000000e9b00000, 0x00000000e9b00000|100%| E|CS|TAMS 0x00000000e9a00000, 0x00000000e9a00000| Complete 
| 155|0x00000000e9b00000, 0x00000000e9c00000, 0x00000000e9c00000|100%| E|CS|TAMS 0x00000000e9b00000, 0x00000000e9b00000| Complete 
| 156|0x00000000e9c00000, 0x00000000e9d00000, 0x00000000e9d00000|100%| E|CS|TAMS 0x00000000e9c00000, 0x00000000e9c00000| Complete 
| 157|0x00000000e9d00000, 0x00000000e9e00000, 0x00000000e9e00000|100%| E|CS|TAMS 0x00000000e9d00000, 0x00000000e9d00000| Complete 
| 158|0x00000000e9e00000, 0x00000000e9f00000, 0x00000000e9f00000|100%| E|CS|TAMS 0x00000000e9e00000, 0x00000000e9e00000| Complete 
| 159|0x00000000e9f00000, 0x00000000ea000000, 0x00000000ea000000|100%| E|CS|TAMS 0x00000000e9f00000, 0x00000000e9f00000| Complete 
| 160|0x00000000ea000000, 0x00000000ea100000, 0x00000000ea100000|100%| E|CS|TAMS 0x00000000ea000000, 0x00000000ea000000| Complete 
| 161|0x00000000ea100000, 0x00000000ea200000, 0x00000000ea200000|100%| E|CS|TAMS 0x00000000ea100000, 0x00000000ea100000| Complete 
| 162|0x00000000ea200000, 0x00000000ea300000, 0x00000000ea300000|100%| E|CS|TAMS 0x00000000ea200000, 0x00000000ea200000| Complete 
| 163|0x00000000ea300000, 0x00000000ea400000, 0x00000000ea400000|100%| E|CS|TAMS 0x00000000ea300000, 0x00000000ea300000| Complete 
| 164|0x00000000ea400000, 0x00000000ea500000, 0x00000000ea500000|100%| E|CS|TAMS 0x00000000ea400000, 0x00000000ea400000| Complete 
| 165|0x00000000ea500000, 0x00000000ea600000, 0x00000000ea600000|100%| E|CS|TAMS 0x00000000ea500000, 0x00000000ea500000| Complete 
| 166|0x00000000ea600000, 0x00000000ea700000, 0x00000000ea700000|100%| E|CS|TAMS 0x00000000ea600000, 0x00000000ea600000| Complete 
| 167|0x00000000ea700000, 0x00000000ea800000, 0x00000000ea800000|100%| E|CS|TAMS 0x00000000ea700000, 0x00000000ea700000| Complete 
| 168|0x00000000ea800000, 0x00000000ea900000, 0x00000000ea900000|100%| E|CS|TAMS 0x00000000ea800000, 0x00000000ea800000| Complete 
| 169|0x00000000ea900000, 0x00000000eaa00000, 0x00000000eaa00000|100%| E|CS|TAMS 0x00000000ea900000, 0x00000000ea900000| Complete 
| 170|0x00000000eaa00000, 0x00000000eab00000, 0x00000000eab00000|100%| E|CS|TAMS 0x00000000eaa00000, 0x00000000eaa00000| Complete 
| 171|0x00000000eab00000, 0x00000000eac00000, 0x00000000eac00000|100%| E|CS|TAMS 0x00000000eab00000, 0x00000000eab00000| Complete 
| 172|0x00000000eac00000, 0x00000000ead00000, 0x00000000ead00000|100%| E|CS|TAMS 0x00000000eac00000, 0x00000000eac00000| Complete 
| 173|0x00000000ead00000, 0x00000000eae00000, 0x00000000eae00000|100%| E|CS|TAMS 0x00000000ead00000, 0x00000000ead00000| Complete 
| 174|0x00000000eae00000, 0x00000000eaf00000, 0x00000000eaf00000|100%| E|CS|TAMS 0x00000000eae00000, 0x00000000eae00000| Complete 
| 175|0x00000000eaf00000, 0x00000000eb000000, 0x00000000eb000000|100%| E|CS|TAMS 0x00000000eaf00000, 0x00000000eaf00000| Complete 
| 176|0x00000000eb000000, 0x00000000eb100000, 0x00000000eb100000|100%| E|CS|TAMS 0x00000000eb000000, 0x00000000eb000000| Complete 
| 177|0x00000000eb100000, 0x00000000eb200000, 0x00000000eb200000|100%| E|CS|TAMS 0x00000000eb100000, 0x00000000eb100000| Complete 
| 178|0x00000000eb200000, 0x00000000eb300000, 0x00000000eb300000|100%| E|CS|TAMS 0x00000000eb200000, 0x00000000eb200000| Complete 
| 179|0x00000000eb300000, 0x00000000eb400000, 0x00000000eb400000|100%| E|CS|TAMS 0x00000000eb300000, 0x00000000eb300000| Complete 
| 180|0x00000000eb400000, 0x00000000eb500000, 0x00000000eb500000|100%| E|CS|TAMS 0x00000000eb400000, 0x00000000eb400000| Complete 
| 181|0x00000000eb500000, 0x00000000eb600000, 0x00000000eb600000|100%| E|CS|TAMS 0x00000000eb500000, 0x00000000eb500000| Complete 
| 182|0x00000000eb600000, 0x00000000eb700000, 0x00000000eb700000|100%| E|CS|TAMS 0x00000000eb600000, 0x00000000eb600000| Complete 
| 183|0x00000000eb700000, 0x00000000eb800000, 0x00000000eb800000|100%| E|CS|TAMS 0x00000000eb700000, 0x00000000eb700000| Complete 
| 184|0x00000000eb800000, 0x00000000eb900000, 0x00000000eb900000|100%| E|CS|TAMS 0x00000000eb800000, 0x00000000eb800000| Complete 
| 185|0x00000000eb900000, 0x00000000eba00000, 0x00000000eba00000|100%| E|CS|TAMS 0x00000000eb900000, 0x00000000eb900000| Complete 
| 186|0x00000000eba00000, 0x00000000ebb00000, 0x00000000ebb00000|100%| E|CS|TAMS 0x00000000eba00000, 0x00000000eba00000| Complete 
| 187|0x00000000ebb00000, 0x00000000ebc00000, 0x00000000ebc00000|100%| E|CS|TAMS 0x00000000ebb00000, 0x00000000ebb00000| Complete 
| 188|0x00000000ebc00000, 0x00000000ebd00000, 0x00000000ebd00000|100%| E|CS|TAMS 0x00000000ebc00000, 0x00000000ebc00000| Complete 
| 189|0x00000000ebd00000, 0x00000000ebe00000, 0x00000000ebe00000|100%| E|CS|TAMS 0x00000000ebd00000, 0x00000000ebd00000| Complete 
| 190|0x00000000ebe00000, 0x00000000ebf00000, 0x00000000ebf00000|100%| E|CS|TAMS 0x00000000ebe00000, 0x00000000ebe00000| Complete 
| 191|0x00000000ebf00000, 0x00000000ec000000, 0x00000000ec000000|100%| E|CS|TAMS 0x00000000ebf00000, 0x00000000ebf00000| Complete 
| 192|0x00000000ec000000, 0x00000000ec100000, 0x00000000ec100000|100%| E|CS|TAMS 0x00000000ec000000, 0x00000000ec000000| Complete 
| 193|0x00000000ec100000, 0x00000000ec200000, 0x00000000ec200000|100%| E|CS|TAMS 0x00000000ec100000, 0x00000000ec100000| Complete 
| 194|0x00000000ec200000, 0x00000000ec300000, 0x00000000ec300000|100%| E|CS|TAMS 0x00000000ec200000, 0x00000000ec200000| Complete 
| 195|0x00000000ec300000, 0x00000000ec400000, 0x00000000ec400000|100%| E|CS|TAMS 0x00000000ec300000, 0x00000000ec300000| Complete 
| 196|0x00000000ec400000, 0x00000000ec500000, 0x00000000ec500000|100%| E|CS|TAMS 0x00000000ec400000, 0x00000000ec400000| Complete 
| 197|0x00000000ec500000, 0x00000000ec600000, 0x00000000ec600000|100%| E|CS|TAMS 0x00000000ec500000, 0x00000000ec500000| Complete 
| 198|0x00000000ec600000, 0x00000000ec700000, 0x00000000ec700000|100%| E|CS|TAMS 0x00000000ec600000, 0x00000000ec600000| Complete 
| 199|0x00000000ec700000, 0x00000000ec800000, 0x00000000ec800000|100%| E|CS|TAMS 0x00000000ec700000, 0x00000000ec700000| Complete 
| 200|0x00000000ec800000, 0x00000000ec900000, 0x00000000ec900000|100%| E|CS|TAMS 0x00000000ec800000, 0x00000000ec800000| Complete 
| 201|0x00000000ec900000, 0x00000000eca00000, 0x00000000eca00000|100%| E|CS|TAMS 0x00000000ec900000, 0x00000000ec900000| Complete 
| 202|0x00000000eca00000, 0x00000000ecb00000, 0x00000000ecb00000|100%| E|CS|TAMS 0x00000000eca00000, 0x00000000eca00000| Complete 
| 203|0x00000000ecb00000, 0x00000000ecc00000, 0x00000000ecc00000|100%| E|CS|TAMS 0x00000000ecb00000, 0x00000000ecb00000| Complete 
| 204|0x00000000ecc00000, 0x00000000ecd00000, 0x00000000ecd00000|100%| E|CS|TAMS 0x00000000ecc00000, 0x00000000ecc00000| Complete 
| 205|0x00000000ecd00000, 0x00000000ece00000, 0x00000000ece00000|100%| E|CS|TAMS 0x00000000ecd00000, 0x00000000ecd00000| Complete 
| 206|0x00000000ece00000, 0x00000000ecf00000, 0x00000000ecf00000|100%| E|CS|TAMS 0x00000000ece00000, 0x00000000ece00000| Complete 
| 207|0x00000000ecf00000, 0x00000000ed000000, 0x00000000ed000000|100%| E|CS|TAMS 0x00000000ecf00000, 0x00000000ecf00000| Complete 
| 208|0x00000000ed000000, 0x00000000ed100000, 0x00000000ed100000|100%| E|CS|TAMS 0x00000000ed000000, 0x00000000ed000000| Complete 
| 209|0x00000000ed100000, 0x00000000ed200000, 0x00000000ed200000|100%| E|CS|TAMS 0x00000000ed100000, 0x00000000ed100000| Complete 
| 210|0x00000000ed200000, 0x00000000ed300000, 0x00000000ed300000|100%| E|CS|TAMS 0x00000000ed200000, 0x00000000ed200000| Complete 
| 211|0x00000000ed300000, 0x00000000ed400000, 0x00000000ed400000|100%| E|CS|TAMS 0x00000000ed300000, 0x00000000ed300000| Complete 
| 212|0x00000000ed400000, 0x00000000ed500000, 0x00000000ed500000|100%| E|CS|TAMS 0x00000000ed400000, 0x00000000ed400000| Complete 
| 213|0x00000000ed500000, 0x00000000ed600000, 0x00000000ed600000|100%| E|CS|TAMS 0x00000000ed500000, 0x00000000ed500000| Complete 
| 214|0x00000000ed600000, 0x00000000ed700000, 0x00000000ed700000|100%| E|CS|TAMS 0x00000000ed600000, 0x00000000ed600000| Complete 
| 215|0x00000000ed700000, 0x00000000ed800000, 0x00000000ed800000|100%| E|CS|TAMS 0x00000000ed700000, 0x00000000ed700000| Complete 
| 216|0x00000000ed800000, 0x00000000ed900000, 0x00000000ed900000|100%| E|CS|TAMS 0x00000000ed800000, 0x00000000ed800000| Complete 
| 217|0x00000000ed900000, 0x00000000eda00000, 0x00000000eda00000|100%| E|CS|TAMS 0x00000000ed900000, 0x00000000ed900000| Complete 
| 218|0x00000000eda00000, 0x00000000edb00000, 0x00000000edb00000|100%| E|CS|TAMS 0x00000000eda00000, 0x00000000eda00000| Complete 
| 219|0x00000000edb00000, 0x00000000edc00000, 0x00000000edc00000|100%| E|CS|TAMS 0x00000000edb00000, 0x00000000edb00000| Complete 
| 220|0x00000000edc00000, 0x00000000edd00000, 0x00000000edd00000|100%| E|CS|TAMS 0x00000000edc00000, 0x00000000edc00000| Complete 
| 221|0x00000000edd00000, 0x00000000ede00000, 0x00000000ede00000|100%| E|CS|TAMS 0x00000000edd00000, 0x00000000edd00000| Complete 
| 222|0x00000000ede00000, 0x00000000edf00000, 0x00000000edf00000|100%| E|CS|TAMS 0x00000000ede00000, 0x00000000ede00000| Complete 
| 223|0x00000000edf00000, 0x00000000ee000000, 0x00000000ee000000|100%| E|CS|TAMS 0x00000000edf00000, 0x00000000edf00000| Complete 
| 224|0x00000000ee000000, 0x00000000ee100000, 0x00000000ee100000|100%| E|CS|TAMS 0x00000000ee000000, 0x00000000ee000000| Complete 
| 225|0x00000000ee100000, 0x00000000ee200000, 0x00000000ee200000|100%| E|CS|TAMS 0x00000000ee100000, 0x00000000ee100000| Complete 
| 226|0x00000000ee200000, 0x00000000ee300000, 0x00000000ee300000|100%| E|CS|TAMS 0x00000000ee200000, 0x00000000ee200000| Complete 
| 227|0x00000000ee300000, 0x00000000ee400000, 0x00000000ee400000|100%| E|CS|TAMS 0x00000000ee300000, 0x00000000ee300000| Complete 
| 228|0x00000000ee400000, 0x00000000ee500000, 0x00000000ee500000|100%| E|CS|TAMS 0x00000000ee400000, 0x00000000ee400000| Complete 
| 229|0x00000000ee500000, 0x00000000ee600000, 0x00000000ee600000|100%| E|CS|TAMS 0x00000000ee500000, 0x00000000ee500000| Complete 
| 230|0x00000000ee600000, 0x00000000ee700000, 0x00000000ee700000|100%| E|CS|TAMS 0x00000000ee600000, 0x00000000ee600000| Complete 
| 231|0x00000000ee700000, 0x00000000ee800000, 0x00000000ee800000|100%| E|CS|TAMS 0x00000000ee700000, 0x00000000ee700000| Complete 
| 232|0x00000000ee800000, 0x00000000ee900000, 0x00000000ee900000|100%| E|CS|TAMS 0x00000000ee800000, 0x00000000ee800000| Complete 
| 233|0x00000000ee900000, 0x00000000eea00000, 0x00000000eea00000|100%| E|CS|TAMS 0x00000000ee900000, 0x00000000ee900000| Complete 
| 234|0x00000000eea00000, 0x00000000eeb00000, 0x00000000eeb00000|100%| E|CS|TAMS 0x00000000eea00000, 0x00000000eea00000| Complete 
| 235|0x00000000eeb00000, 0x00000000eec00000, 0x00000000eec00000|100%| E|CS|TAMS 0x00000000eeb00000, 0x00000000eeb00000| Complete 
| 236|0x00000000eec00000, 0x00000000eed00000, 0x00000000eed00000|100%| E|CS|TAMS 0x00000000eec00000, 0x00000000eec00000| Complete 
| 237|0x00000000eed00000, 0x00000000eee00000, 0x00000000eee00000|100%| E|CS|TAMS 0x00000000eed00000, 0x00000000eed00000| Complete 
| 238|0x00000000eee00000, 0x00000000eef00000, 0x00000000eef00000|100%| E|CS|TAMS 0x00000000eee00000, 0x00000000eee00000| Complete 
| 239|0x00000000eef00000, 0x00000000ef000000, 0x00000000ef000000|100%| E|CS|TAMS 0x00000000eef00000, 0x00000000eef00000| Complete 
| 240|0x00000000ef000000, 0x00000000ef100000, 0x00000000ef100000|100%| E|CS|TAMS 0x00000000ef000000, 0x00000000ef000000| Complete 
| 241|0x00000000ef100000, 0x00000000ef200000, 0x00000000ef200000|100%| E|CS|TAMS 0x00000000ef100000, 0x00000000ef100000| Complete 
| 242|0x00000000ef200000, 0x00000000ef300000, 0x00000000ef300000|100%| E|CS|TAMS 0x00000000ef200000, 0x00000000ef200000| Complete 
| 243|0x00000000ef300000, 0x00000000ef400000, 0x00000000ef400000|100%| E|CS|TAMS 0x00000000ef300000, 0x00000000ef300000| Complete 
| 244|0x00000000ef400000, 0x00000000ef500000, 0x00000000ef500000|100%| E|CS|TAMS 0x00000000ef400000, 0x00000000ef400000| Complete 
| 245|0x00000000ef500000, 0x00000000ef600000, 0x00000000ef600000|100%| E|CS|TAMS 0x00000000ef500000, 0x00000000ef500000| Complete 
| 246|0x00000000ef600000, 0x00000000ef700000, 0x00000000ef700000|100%| E|CS|TAMS 0x00000000ef600000, 0x00000000ef600000| Complete 
| 247|0x00000000ef700000, 0x00000000ef800000, 0x00000000ef800000|100%| E|CS|TAMS 0x00000000ef700000, 0x00000000ef700000| Complete 
| 248|0x00000000ef800000, 0x00000000ef900000, 0x00000000ef900000|100%| E|CS|TAMS 0x00000000ef800000, 0x00000000ef800000| Complete 
| 249|0x00000000ef900000, 0x00000000efa00000, 0x00000000efa00000|100%| E|CS|TAMS 0x00000000ef900000, 0x00000000ef900000| Complete 
| 250|0x00000000efa00000, 0x00000000efb00000, 0x00000000efb00000|100%| E|CS|TAMS 0x00000000efa00000, 0x00000000efa00000| Complete 
| 251|0x00000000efb00000, 0x00000000efc00000, 0x00000000efc00000|100%| E|CS|TAMS 0x00000000efb00000, 0x00000000efb00000| Complete 
| 252|0x00000000efc00000, 0x00000000efc23b68, 0x00000000efd00000| 13%| S|CS|TAMS 0x00000000efc00000, 0x00000000efc00000| Complete 
| 253|0x00000000efd00000, 0x00000000efe00000, 0x00000000efe00000|100%| S|CS|TAMS 0x00000000efd00000, 0x00000000efd00000| Complete 
| 254|0x00000000efe00000, 0x00000000eff00000, 0x00000000eff00000|100%| E|CS|TAMS 0x00000000efe00000, 0x00000000efe00000| Complete 
| 255|0x00000000eff00000, 0x00000000f0000000, 0x00000000f0000000|100%| E|CS|TAMS 0x00000000eff00000, 0x00000000eff00000| Complete 

Card table byte_map: [0x0000014eeaaf0000,0x0000014eeabf0000] _byte_map_base: 0x0000014eea3f0000

Marking Bits (Prev, Next): (CMBitMap*) 0x0000014ed1a47ea0, (CMBitMap*) 0x0000014ed1a47ee0
 Prev Bits: [0x0000014eeacf0000, 0x0000014eeb4f0000)
 Next Bits: [0x0000014eeb4f0000, 0x0000014eebcf0000)

Polling page: 0x0000014ed1790000

Metaspace:

Usage:
  Non-class:     47.73 MB used.
      Class:      7.71 MB used.
       Both:     55.44 MB used.

Virtual space:
  Non-class space:       56.00 MB reserved,      48.06 MB ( 86%) committed,  7 nodes.
      Class space:      208.00 MB reserved,       8.00 MB (  4%) committed,  1 nodes.
             Both:      264.00 MB reserved,      56.06 MB ( 21%) committed. 

Chunk freelists:
   Non-Class:  3.28 MB
       Class:  3.98 MB
        Both:  7.26 MB

MaxMetaspaceSize: 256.00 MB
CompressedClassSpaceSize: 208.00 MB
Initial GC threshold: 21.00 MB
Current GC threshold: 59.50 MB
CDS: on
MetaspaceReclaimPolicy: balanced
 - commit_granule_bytes: 65536.
 - commit_granule_words: 8192.
 - virtual_space_node_default_size: 1048576.
 - enlarge_chunks_in_place: 1.
 - new_chunks_are_fully_committed: 0.
 - uncommit_free_chunks: 1.
 - use_allocation_guard: 0.
 - handle_deallocations: 1.


Internal statistics:

num_allocs_failed_limit: 9.
num_arena_births: 752.
num_arena_deaths: 0.
num_vsnodes_births: 8.
num_vsnodes_deaths: 0.
num_space_committed: 897.
num_space_uncommitted: 0.
num_chunks_returned_to_freelist: 9.
num_chunks_taken_from_freelist: 3027.
num_chunk_merges: 6.
num_chunk_splits: 1991.
num_chunks_enlarged: 1322.
num_purges: 0.
num_inconsistent_stats: 0.

CodeHeap 'non-profiled nmethods': size=120000Kb used=4973Kb max_used=4973Kb free=115026Kb
 bounds [0x0000014ee2800000, 0x0000014ee2ce0000, 0x0000014ee9d30000]
CodeHeap 'profiled nmethods': size=120000Kb used=14977Kb max_used=14977Kb free=105022Kb
 bounds [0x0000014edb2d0000, 0x0000014edc180000, 0x0000014ee2800000]
CodeHeap 'non-nmethods': size=5760Kb used=2423Kb max_used=2536Kb free=3337Kb
 bounds [0x0000014edad30000, 0x0000014edafb0000, 0x0000014edb2d0000]
 total_blobs=8369 nmethods=7490 adapters=791
 compilation: enabled
              stopped_count=0, restarted_count=0
 full_count=0

Compilation events (20 events):
Event: 76.957 Thread 0x0000014eee9556e0 nmethod 8212 0x0000014edc16e890 code [0x0000014edc16ea20, 0x0000014edc16eb78]
Event: 76.957 Thread 0x0000014eee9556e0 8213       3       jdk.internal.reflect.ByteVectorImpl::put (27 bytes)
Event: 76.958 Thread 0x0000014eee9556e0 nmethod 8213 0x0000014edc16ec10 code [0x0000014edc16edc0, 0x0000014edc16efa8]
Event: 77.472 Thread 0x0000014eee9556e0 8215       3       java.util.stream.FindOps::makeRef (14 bytes)
Event: 77.472 Thread 0x0000014eee9556e0 nmethod 8215 0x0000014edc16f110 code [0x0000014edc16f2a0, 0x0000014edc16f418]
Event: 77.472 Thread 0x0000014eee9556e0 8214       3       java.util.stream.ReferencePipeline::findFirst (12 bytes)
Event: 77.473 Thread 0x0000014eee9556e0 nmethod 8214 0x0000014edc16f490 code [0x0000014edc16f640, 0x0000014edc16f908]
Event: 81.463 Thread 0x0000014eee94ac20 8216       4       java.util.ComparableTimSort::binarySort (223 bytes)
Event: 81.474 Thread 0x0000014eee94ac20 nmethod 8216 0x0000014ee2cd8210 code [0x0000014ee2cd83c0, 0x0000014ee2cd8d28]
Event: 81.843 Thread 0x0000014eee9556e0 8217       3       org.gradle.internal.serialize.InputStreamBackedDecoder::readLong (8 bytes)
Event: 81.843 Thread 0x0000014eee9556e0 nmethod 8217 0x0000014edc16fa10 code [0x0000014edc16fbc0, 0x0000014edc16fd08]
Event: 83.476 Thread 0x0000014eee9556e0 8218       3       java.util.HashMap$Values::spliterator (16 bytes)
Event: 83.476 Thread 0x0000014eee9556e0 nmethod 8218 0x0000014edc16fe10 code [0x0000014edc16ffc0, 0x0000014edc170188]
Event: 83.476 Thread 0x0000014eee9556e0 8219       3       java.util.HashMap$ValueSpliterator::<init> (12 bytes)
Event: 83.477 Thread 0x0000014eee9556e0 nmethod 8219 0x0000014edc170290 code [0x0000014edc170440, 0x0000014edc170678]
Event: 85.855 Thread 0x0000014eee94ac20 8220   !   4       java.util.concurrent.LinkedBlockingQueue::poll (128 bytes)
Event: 85.873 Thread 0x0000014eee94ac20 nmethod 8220 0x0000014ee2cd9110 code [0x0000014ee2cd9340, 0x0000014ee2cda1e0]
Event: 85.873 Thread 0x0000014eee94ac20 8221       4       org.gradle.launcher.daemon.server.exec.DaemonConnectionBackedEventConsumer$ForwardEvents::moreMessagesToSend (35 bytes)
Event: 85.873 Thread 0x0000014eee94ac20 nmethod 8221 0x0000014ee2cdad90 code [0x0000014ee2cdaf00, 0x0000014ee2cdafb8]
Event: 93.470 Thread 0x0000014eee94ac20 8222       4       javax.management.ObjectName::construct (1135 bytes)

GC Heap History (16 events):
Event: 0.826 GC heap before
{Heap before GC invocations=0 (full 0):
 garbage-first heap   total 262144K, used 28672K [0x00000000e0000000, 0x0000000100000000)
  region size 1024K, 23 young (23552K), 0 survivors (0K)
 Metaspace       used 2980K, committed 3136K, reserved 221184K
  class space    used 379K, committed 448K, reserved 212992K
}
Event: 0.830 GC heap after
{Heap after GC invocations=1 (full 0):
 garbage-first heap   total 262144K, used 9469K [0x00000000e0000000, 0x0000000100000000)
  region size 1024K, 3 young (3072K), 3 survivors (3072K)
 Metaspace       used 2980K, committed 3136K, reserved 221184K
  class space    used 379K, committed 448K, reserved 212992K
}
Event: 1.188 GC heap before
{Heap before GC invocations=1 (full 0):
 garbage-first heap   total 262144K, used 39165K [0x00000000e0000000, 0x0000000100000000)
  region size 1024K, 31 young (31744K), 3 survivors (3072K)
 Metaspace       used 3937K, committed 4096K, reserved 221184K
  class space    used 476K, committed 576K, reserved 212992K
}
Event: 1.192 GC heap after
{Heap after GC invocations=2 (full 0):
 garbage-first heap   total 262144K, used 13355K [0x00000000e0000000, 0x0000000100000000)
  region size 1024K, 4 young (4096K), 4 survivors (4096K)
 Metaspace       used 3937K, committed 4096K, reserved 221184K
  class space    used 476K, committed 576K, reserved 212992K
}
Event: 3.816 GC heap before
{Heap before GC invocations=2 (full 0):
 garbage-first heap   total 262144K, used 115755K [0x00000000e0000000, 0x0000000100000000)
  region size 1024K, 105 young (107520K), 4 survivors (4096K)
 Metaspace       used 21293K, committed 21504K, reserved 237568K
  class space    used 3165K, committed 3264K, reserved 212992K
}
Event: 3.844 GC heap after
{Heap after GC invocations=3 (full 0):
 garbage-first heap   total 262144K, used 21169K [0x00000000e0000000, 0x0000000100000000)
  region size 1024K, 12 young (12288K), 12 survivors (12288K)
 Metaspace       used 21293K, committed 21504K, reserved 237568K
  class space    used 3165K, committed 3264K, reserved 212992K
}
Event: 5.800 GC heap before
{Heap before GC invocations=4 (full 0):
 garbage-first heap   total 262144K, used 134833K [0x00000000e0000000, 0x0000000100000000)
  region size 1024K, 121 young (123904K), 12 survivors (12288K)
 Metaspace       used 35777K, committed 36160K, reserved 245760K
  class space    used 4863K, committed 5056K, reserved 212992K
}
Event: 5.812 GC heap after
{Heap after GC invocations=5 (full 0):
 garbage-first heap   total 262144K, used 30405K [0x00000000e0000000, 0x0000000100000000)
  region size 1024K, 16 young (16384K), 16 survivors (16384K)
 Metaspace       used 35777K, committed 36160K, reserved 245760K
  class space    used 4863K, committed 5056K, reserved 212992K
}
Event: 5.839 GC heap before
{Heap before GC invocations=5 (full 0):
 garbage-first heap   total 262144K, used 31429K [0x00000000e0000000, 0x0000000100000000)
  region size 1024K, 17 young (17408K), 16 survivors (16384K)
 Metaspace       used 35926K, committed 36416K, reserved 245760K
  class space    used 4887K, committed 5120K, reserved 212992K
}
Event: 5.848 GC heap after
{Heap after GC invocations=6 (full 0):
 garbage-first heap   total 262144K, used 32457K [0x00000000e0000000, 0x0000000100000000)
  region size 1024K, 3 young (3072K), 3 survivors (3072K)
 Metaspace       used 35926K, committed 36416K, reserved 245760K
  class space    used 4887K, committed 5120K, reserved 212992K
}
Event: 5.871 GC heap before
{Heap before GC invocations=6 (full 0):
 garbage-first heap   total 262144K, used 33481K [0x00000000e0000000, 0x0000000100000000)
  region size 1024K, 5 young (5120K), 3 survivors (3072K)
 Metaspace       used 36076K, committed 36480K, reserved 245760K
  class space    used 4922K, committed 5120K, reserved 212992K
}
Event: 5.872 GC heap after
{Heap after GC invocations=7 (full 0):
 garbage-first heap   total 262144K, used 30548K [0x00000000e0000000, 0x0000000100000000)
  region size 1024K, 1 young (1024K), 1 survivors (1024K)
 Metaspace       used 36076K, committed 36480K, reserved 245760K
  class space    used 4922K, committed 5120K, reserved 212992K
}
Event: 8.471 GC heap before
{Heap before GC invocations=8 (full 0):
 garbage-first heap   total 262144K, used 186196K [0x00000000e0000000, 0x0000000100000000)
  region size 1024K, 153 young (156672K), 1 survivors (1024K)
 Metaspace       used 52219K, committed 52736K, reserved 262144K
  class space    used 7337K, committed 7616K, reserved 212992K
}
Event: 8.485 GC heap after
{Heap after GC invocations=9 (full 0):
 garbage-first heap   total 262144K, used 40108K [0x00000000e0000000, 0x0000000100000000)
  region size 1024K, 10 young (10240K), 10 survivors (10240K)
 Metaspace       used 52219K, committed 52736K, reserved 262144K
  class space    used 7337K, committed 7616K, reserved 212992K
}
Event: 8.517 GC heap before
{Heap before GC invocations=9 (full 0):
 garbage-first heap   total 262144K, used 42156K [0x00000000e0000000, 0x0000000100000000)
  region size 1024K, 12 young (12288K), 10 survivors (10240K)
 Metaspace       used 52357K, committed 52928K, reserved 262144K
  class space    used 7360K, committed 7680K, reserved 212992K
}
Event: 8.531 GC heap after
{Heap after GC invocations=10 (full 0):
 garbage-first heap   total 262144K, used 40766K [0x00000000e0000000, 0x0000000100000000)
  region size 1024K, 2 young (2048K), 2 survivors (2048K)
 Metaspace       used 52357K, committed 52928K, reserved 262144K
  class space    used 7360K, committed 7680K, reserved 212992K
}

Dll operation events (12 events):
Event: 0.007 Loaded shared library C:\Users\Julia\.jdks\corretto-17.0.5\bin\java.dll
Event: 0.018 Loaded shared library C:\Users\Julia\.jdks\corretto-17.0.5\bin\jsvml.dll
Event: 0.277 Loaded shared library C:\Users\Julia\.jdks\corretto-17.0.5\bin\net.dll
Event: 0.278 Loaded shared library C:\Users\Julia\.jdks\corretto-17.0.5\bin\nio.dll
Event: 0.285 Loaded shared library C:\Users\Julia\.jdks\corretto-17.0.5\bin\zip.dll
Event: 0.485 Loaded shared library C:\Users\Julia\.jdks\corretto-17.0.5\bin\jimage.dll
Event: 0.554 Loaded shared library C:\Users\Julia\.jdks\corretto-17.0.5\bin\verify.dll
Event: 0.711 Loaded shared library C:\Users\Julia\.gradle\native\e1d6ef7f7dcc3fd88c89a11ec53ec762bb8ba0a96d01ffa2cd45eb1d1d8dd5c5\windows-amd64\native-platform.dll
Event: 0.717 Loaded shared library C:\Users\Julia\.gradle\native\0d407fdbe67a94daf76414ababcb853783967236a71b16ec16e742cd7a986fd3\windows-amd64\native-platform-file-events.dll
Event: 1.421 Loaded shared library C:\Users\Julia\.jdks\corretto-17.0.5\bin\management.dll
Event: 1.424 Loaded shared library C:\Users\Julia\.jdks\corretto-17.0.5\bin\management_ext.dll
Event: 1.856 Loaded shared library C:\Users\Julia\.jdks\corretto-17.0.5\bin\sunmscapi.dll

Deoptimization events (20 events):
Event: 11.851 Thread 0x0000014ef15b2c50 DEOPT PACKING pc=0x0000014edbd76844 sp=0x0000000af47fe1e0
Event: 11.851 Thread 0x0000014ef15b2c50 DEOPT UNPACKING pc=0x0000014edad82b43 sp=0x0000000af47fd6c8 mode 1
Event: 11.851 Thread 0x0000014ef15b2c50 DEOPT PACKING pc=0x0000014edbd76844 sp=0x0000000af47fe2c0
Event: 11.851 Thread 0x0000014ef15b2c50 DEOPT UNPACKING pc=0x0000014edad82b43 sp=0x0000000af47fd7a8 mode 1
Event: 11.852 Thread 0x0000014ef15b2c50 DEOPT PACKING pc=0x0000014edbd76844 sp=0x0000000af47fe180
Event: 11.852 Thread 0x0000014ef15b2c50 DEOPT UNPACKING pc=0x0000014edad82b43 sp=0x0000000af47fd668 mode 1
Event: 11.852 Thread 0x0000014ef15b2c50 DEOPT PACKING pc=0x0000014edbd76844 sp=0x0000000af47fe260
Event: 11.852 Thread 0x0000014ef15b2c50 DEOPT UNPACKING pc=0x0000014edad82b43 sp=0x0000000af47fd748 mode 1
Event: 11.854 Thread 0x0000014ef15b2c50 DEOPT PACKING pc=0x0000014edbd76844 sp=0x0000000af47fe050
Event: 11.854 Thread 0x0000014ef15b2c50 DEOPT UNPACKING pc=0x0000014edad82b43 sp=0x0000000af47fd538 mode 1
Event: 11.854 Thread 0x0000014ef15b2c50 DEOPT PACKING pc=0x0000014edbd76844 sp=0x0000000af47fe130
Event: 11.854 Thread 0x0000014ef15b2c50 DEOPT UNPACKING pc=0x0000014edad82b43 sp=0x0000000af47fd618 mode 1
Event: 11.854 Thread 0x0000014ef15b2c50 DEOPT PACKING pc=0x0000014edbd76844 sp=0x0000000af47fc800
Event: 11.854 Thread 0x0000014ef15b2c50 DEOPT UNPACKING pc=0x0000014edad82b43 sp=0x0000000af47fbce8 mode 1
Event: 11.854 Thread 0x0000014ef15b2c50 DEOPT PACKING pc=0x0000014edbd76844 sp=0x0000000af47fc8e0
Event: 11.854 Thread 0x0000014ef15b2c50 DEOPT UNPACKING pc=0x0000014edad82b43 sp=0x0000000af47fbdc8 mode 1
Event: 11.949 Thread 0x0000014ef232fe40 DEOPT PACKING pc=0x0000014edbd76844 sp=0x0000000af7ffe0d0
Event: 11.950 Thread 0x0000014ef232fe40 DEOPT UNPACKING pc=0x0000014edad82b43 sp=0x0000000af7ffd5b8 mode 1
Event: 11.950 Thread 0x0000014ef232fe40 DEOPT PACKING pc=0x0000014edbd76844 sp=0x0000000af7ffe1b0
Event: 11.950 Thread 0x0000014ef232fe40 DEOPT UNPACKING pc=0x0000014edad82b43 sp=0x0000000af7ffd698 mode 1

Classes unloaded (0 events):
No events

Classes redefined (0 events):
No events

Internal exceptions (20 events):
Event: 9.687 Thread 0x0000014ef752d3d0 Exception <a 'java/lang/NoSuchMethodError'{0x00000000e90d3040}: 'void java.lang.invoke.DirectMethodHandle$Holder.invokeVirtual(java.lang.Object, java.lang.Object, java.lang.Object, java.lang.Object)'> (0x00000000e90d3040) 
thrown [s\src\hotspot\share\interpreter\linkResolver.cpp, line 759]
Event: 9.799 Thread 0x0000014ef04c9fc0 Exception <a 'java/lang/NoSuchMethodError'{0x00000000e8cf5010}: static Lorg/gradle/internal/build/event/types/DefaultTaskFinishedProgressEvent;.<clinit>()V> (0x00000000e8cf5010) 
thrown [s\src\hotspot\share\prims\jni.cpp, line 1107]
Event: 9.801 Thread 0x0000014ef04c9fc0 Exception <a 'java/lang/NoSuchMethodError'{0x00000000e8b0dd88}: static Lorg/gradle/internal/build/event/types/DefaultTaskSuccessResult;.<clinit>()V> (0x00000000e8b0dd88) 
thrown [s\src\hotspot\share\prims\jni.cpp, line 1107]
Event: 9.802 Thread 0x0000014ef04c9fc0 Exception <a 'java/lang/NoSuchMethodError'{0x00000000e8b0eff8}: static Lorg/gradle/internal/build/event/types/AbstractTaskResult;.<clinit>()V> (0x00000000e8b0eff8) 
thrown [s\src\hotspot\share\prims\jni.cpp, line 1107]
Event: 9.802 Thread 0x0000014ef04c9fc0 Exception <a 'java/lang/NoSuchMethodError'{0x00000000e8b10520}: static Lorg/gradle/internal/build/event/types/AbstractResult;.<clinit>()V> (0x00000000e8b10520) 
thrown [s\src\hotspot\share\prims\jni.cpp, line 1107]
Event: 9.882 Thread 0x0000014ef752a3b0 Exception <a 'java/lang/NoSuchMethodError'{0x00000000e882f0a8}: 'void java.lang.invoke.DirectMethodHandle$Holder.invokeInterface(java.lang.Object, java.lang.Object, java.lang.Object, java.lang.Object)'> (0x00000000e882f0a8) 
thrown [s\src\hotspot\share\interpreter\linkResolver.cpp, line 759]
Event: 9.891 Thread 0x0000014ef752a3b0 Exception <a 'java/lang/NoSuchMethodError'{0x00000000e886d8f8}: 'void java.lang.invoke.DirectMethodHandle$Holder.invokeVirtual(java.lang.Object, java.lang.Object)'> (0x00000000e886d8f8) 
thrown [s\src\hotspot\share\interpreter\linkResolver.cpp, line 759]
Event: 9.900 Thread 0x0000014ef752a3b0 Exception <a 'java/lang/ClassNotFoundException'{0x00000000e88c3938}: com/intellij/openapi/externalSystem/rt/execution/ForkedDebuggerHelperBeanInfo> (0x00000000e88c3938) 
thrown [s\src\hotspot\share\classfile\systemDictionary.cpp, line 256]
Event: 9.901 Thread 0x0000014ef752a3b0 Exception <a 'java/lang/ClassNotFoundException'{0x00000000e88cae00}: com/intellij/openapi/externalSystem/rt/execution/ForkedDebuggerHelperCustomizer> (0x00000000e88cae00) 
thrown [s\src\hotspot\share\classfile\systemDictionary.cpp, line 256]
Event: 9.905 Thread 0x0000014ef752a3b0 Exception <a 'java/net/SocketException'{0x00000000e88df788}: Socket is not connected: shutdown> (0x00000000e88df788) 
thrown [s\src\hotspot\share\prims\jni.cpp, line 535]
Event: 9.928 Thread 0x0000014ef752a3b0 Exception <a 'java/lang/ClassNotFoundException'{0x00000000e87b5710}: org/gradle/api/internal/file/collections/DefaultConfigurableFileCollectionBeanInfo> (0x00000000e87b5710) 
thrown [s\src\hotspot\share\classfile\systemDictionary.cpp, line 256]
Event: 9.928 Thread 0x0000014ef752a3b0 Exception <a 'java/lang/ClassNotFoundException'{0x00000000e87c5338}: org/gradle/api/internal/file/CompositeFileCollectionBeanInfo> (0x00000000e87c5338) 
thrown [s\src\hotspot\share\classfile\systemDictionary.cpp, line 256]
Event: 9.929 Thread 0x0000014ef752a3b0 Exception <a 'java/lang/ClassNotFoundException'{0x00000000e87d5748}: org/gradle/api/internal/file/AbstractFileCollectionBeanInfo> (0x00000000e87d5748) 
thrown [s\src\hotspot\share\classfile\systemDictionary.cpp, line 256]
Event: 9.930 Thread 0x0000014ef752a3b0 Exception <a 'java/lang/ClassNotFoundException'{0x00000000e87e5880}: org/gradle/api/internal/file/AbstractFileCollectionCustomizer> (0x00000000e87e5880) 
thrown [s\src\hotspot\share\classfile\systemDictionary.cpp, line 256]
Event: 9.932 Thread 0x0000014ef752a3b0 Exception <a 'java/lang/ClassNotFoundException'{0x00000000e8607950}: org/gradle/api/internal/file/CompositeFileCollectionCustomizer> (0x00000000e8607950) 
thrown [s\src\hotspot\share\classfile\systemDictionary.cpp, line 256]
Event: 9.933 Thread 0x0000014ef752a3b0 Exception <a 'java/lang/ClassNotFoundException'{0x00000000e861fc18}: org/gradle/api/internal/file/collections/DefaultConfigurableFileCollectionCustomizer> (0x00000000e861fc18) 
thrown [s\src\hotspot\share\classfile\systemDictionary.cpp, line 256]
Event: 9.962 Thread 0x0000014ef7b71e10 Exception <a 'java/lang/NoSuchMethodError'{0x00000000e850c390}: 'void java.lang.invoke.DirectMethodHandle$Holder.invokeStatic(java.lang.Object, long)'> (0x00000000e850c390) 
thrown [s\src\hotspot\share\interpreter\linkResolver.cpp, line 759]
Event: 9.963 Thread 0x0000014ef7b71e10 Exception <a 'java/lang/NoSuchMethodError'{0x00000000e8511648}: 'java.lang.Object java.lang.invoke.DirectMethodHandle$Holder.newInvokeSpecial(java.lang.Object, long)'> (0x00000000e8511648) 
thrown [s\src\hotspot\share\interpreter\linkResolver.cpp, line 759]
Event: 9.964 Thread 0x0000014ef7b71e10 Exception <a 'java/lang/NoSuchMethodError'{0x00000000e8518208}: 'java.lang.Object java.lang.invoke.DirectMethodHandle$Holder.invokeStatic(java.lang.Object, java.lang.Object, long, java.lang.Object)'> (0x00000000e8518208) 
thrown [s\src\hotspot\share\interpreter\linkResolver.cpp, line 759]
Event: 9.965 Thread 0x0000014ef7b71e10 Exception <a 'java/lang/NoSuchMethodError'{0x00000000e851bca0}: 'java.lang.Object java.lang.invoke.DirectMethodHandle$Holder.invokeStaticInit(java.lang.Object, java.lang.Object, long, java.lang.Object)'> (0x00000000e851bca0) 
thrown [s\src\hotspot\share\interpreter\linkResolver.cpp, line 759]

VM Operations (20 events):
Event: 12.859 Executing VM operation: Cleanup
Event: 12.859 Executing VM operation: Cleanup done
Event: 18.894 Executing VM operation: Cleanup
Event: 18.894 Executing VM operation: Cleanup done
Event: 41.066 Executing VM operation: Cleanup
Event: 41.066 Executing VM operation: Cleanup done
Event: 49.118 Executing VM operation: Cleanup
Event: 49.118 Executing VM operation: Cleanup done
Event: 60.187 Executing VM operation: Cleanup
Event: 60.187 Executing VM operation: Cleanup done
Event: 69.229 Executing VM operation: Cleanup
Event: 69.229 Executing VM operation: Cleanup done
Event: 72.241 Executing VM operation: Cleanup
Event: 72.241 Executing VM operation: Cleanup done
Event: 77.285 Executing VM operation: Cleanup
Event: 77.285 Executing VM operation: Cleanup done
Event: 82.315 Executing VM operation: Cleanup
Event: 82.315 Executing VM operation: Cleanup done
Event: 86.344 Executing VM operation: Cleanup
Event: 86.344 Executing VM operation: Cleanup done

Events (20 events):
Event: 9.963 loading class java/lang/ProcessHandleImpl
Event: 9.963 loading class java/lang/ProcessHandleImpl done
Event: 9.965 loading class java/lang/ProcessImpl$2
Event: 9.966 loading class java/lang/ProcessImpl$2 done
Event: 9.966 loading class java/lang/Process$PipeInputStream
Event: 9.966 loading class java/lang/Process$PipeInputStream done
Event: 9.967 loading class jdk/internal/event/ProcessStartEvent
Event: 9.967 loading class jdk/internal/event/Event
Event: 9.968 loading class jdk/internal/event/Event done
Event: 9.968 loading class jdk/internal/event/ProcessStartEvent done
Event: 9.969 Thread 0x0000014ef7b6edf0 Thread added: 0x0000014ef7b6edf0
Event: 9.971 Thread 0x0000014ef7b6af60 Thread added: 0x0000014ef7b6af60
Event: 9.971 Thread 0x0000014ef7b70fa0 Thread added: 0x0000014ef7b70fa0
Event: 9.971 Thread 0x0000014ef7b70130 Thread added: 0x0000014ef7b70130
Event: 10.473 Thread 0x0000014ef5f29060 Thread exited: 0x0000014ef5f29060
Event: 10.473 Thread 0x0000014ef4220a90 Thread exited: 0x0000014ef4220a90
Event: 11.839 loading class java/util/concurrent/LinkedBlockingDeque$Itr
Event: 11.839 loading class java/util/concurrent/LinkedBlockingDeque$AbstractItr
Event: 11.839 loading class java/util/concurrent/LinkedBlockingDeque$AbstractItr done
Event: 11.839 loading class java/util/concurrent/LinkedBlockingDeque$Itr done


Dynamic libraries:
0x00007ff6eaa40000 - 0x00007ff6eaa4d000 	C:\Users\Julia\.jdks\corretto-17.0.5\bin\java.exe
0x00007ff9e8220000 - 0x00007ff9e8429000 	C:\WINDOWS\SYSTEM32\ntdll.dll
0x00007ff9e65a0000 - 0x00007ff9e665e000 	C:\WINDOWS\System32\KERNEL32.DLL
0x00007ff9e5d20000 - 0x00007ff9e609c000 	C:\WINDOWS\System32\KERNELBASE.dll
0x00007ff9e5760000 - 0x00007ff9e5871000 	C:\WINDOWS\System32\ucrtbase.dll
0x00007ff9d8a90000 - 0x00007ff9d8aa5000 	C:\Users\Julia\.jdks\corretto-17.0.5\bin\VCRUNTIME140.dll
0x00007ff9d57b0000 - 0x00007ff9d57c7000 	C:\Users\Julia\.jdks\corretto-17.0.5\bin\jli.dll
0x00007ff9e6340000 - 0x00007ff9e64ed000 	C:\WINDOWS\System32\USER32.dll
0x00007ff9ce300000 - 0x00007ff9ce5a5000 	C:\WINDOWS\WinSxS\amd64_microsoft.windows.common-controls_6595b64144ccf1df_6.0.22000.120_none_9d947278b86cc467\COMCTL32.dll
0x00007ff9e5880000 - 0x00007ff9e58a6000 	C:\WINDOWS\System32\win32u.dll
0x00007ff9e6250000 - 0x00007ff9e62f3000 	C:\WINDOWS\System32\msvcrt.dll
0x00007ff9e6570000 - 0x00007ff9e6599000 	C:\WINDOWS\System32\GDI32.dll
0x00007ff9e58b0000 - 0x00007ff9e59c8000 	C:\WINDOWS\System32\gdi32full.dll
0x00007ff9e5c80000 - 0x00007ff9e5d1d000 	C:\WINDOWS\System32\msvcp_win.dll
0x00007ff9e6300000 - 0x00007ff9e6332000 	C:\WINDOWS\System32\IMM32.DLL
0x00007ff9c4d30000 - 0x00007ff9c4dcb000 	C:\Users\Julia\.jdks\corretto-17.0.5\bin\msvcp140.dll
0x00007ff9a4f60000 - 0x00007ff9a5b74000 	C:\Users\Julia\.jdks\corretto-17.0.5\bin\server\jvm.dll
0x00007ff9e7b60000 - 0x00007ff9e7c0e000 	C:\WINDOWS\System32\ADVAPI32.dll
0x00007ff9e61b0000 - 0x00007ff9e624e000 	C:\WINDOWS\System32\sechost.dll
0x00007ff9e75e0000 - 0x00007ff9e7700000 	C:\WINDOWS\System32\RPCRT4.dll
0x00007ff9df230000 - 0x00007ff9df263000 	C:\WINDOWS\SYSTEM32\WINMM.dll
0x00007ff9e00c0000 - 0x00007ff9e00c9000 	C:\WINDOWS\SYSTEM32\WSOCK32.dll
0x00007ff9dc8c0000 - 0x00007ff9dc8ca000 	C:\WINDOWS\SYSTEM32\VERSION.dll
0x00007ff9e7700000 - 0x00007ff9e776f000 	C:\WINDOWS\System32\WS2_32.dll
0x00007ff9e47e0000 - 0x00007ff9e47f8000 	C:\WINDOWS\SYSTEM32\kernel.appcore.dll
0x00007ff9d9af0000 - 0x00007ff9d9afa000 	C:\Users\Julia\.jdks\corretto-17.0.5\bin\jimage.dll
0x00007ff9e2ef0000 - 0x00007ff9e3111000 	C:\WINDOWS\SYSTEM32\DBGHELP.DLL
0x00007ff9cef90000 - 0x00007ff9cefc1000 	C:\WINDOWS\SYSTEM32\dbgcore.DLL
0x00007ff9e59d0000 - 0x00007ff9e5a4f000 	C:\WINDOWS\System32\bcryptPrimitives.dll
0x00007ff9d2d90000 - 0x00007ff9d2dc9000 	C:\Users\Julia\.jdks\corretto-17.0.5\bin\jdwp.dll
0x00007ff9d28a0000 - 0x00007ff9d28c5000 	C:\Users\Julia\.jdks\corretto-17.0.5\bin\java.dll
0x00007ff9bce70000 - 0x00007ff9bcf46000 	C:\Users\Julia\.jdks\corretto-17.0.5\bin\jsvml.dll
0x00007ff9e6660000 - 0x00007ff9e6e25000 	C:\WINDOWS\System32\SHELL32.dll
0x00007ff9e37c0000 - 0x00007ff9e4025000 	C:\WINDOWS\SYSTEM32\windows.storage.dll
0x00007ff9e77e0000 - 0x00007ff9e7b58000 	C:\WINDOWS\System32\combase.dll
0x00007ff9e3650000 - 0x00007ff9e37b6000 	C:\WINDOWS\SYSTEM32\wintypes.dll
0x00007ff9e72a0000 - 0x00007ff9e738a000 	C:\WINDOWS\System32\SHCORE.dll
0x00007ff9e6130000 - 0x00007ff9e618d000 	C:\WINDOWS\System32\shlwapi.dll
0x00007ff9e5620000 - 0x00007ff9e5641000 	C:\WINDOWS\SYSTEM32\profapi.dll
0x00007ff9d9a60000 - 0x00007ff9d9a6c000 	C:\Users\Julia\.jdks\corretto-17.0.5\bin\dt_socket.dll
0x00007ff9e4310000 - 0x00007ff9e433d000 	C:\WINDOWS\SYSTEM32\IPHLPAPI.DLL
0x00007ff9e4c80000 - 0x00007ff9e4ce7000 	C:\WINDOWS\system32\mswsock.dll
0x00007ff9d4de0000 - 0x00007ff9d4df9000 	C:\Users\Julia\.jdks\corretto-17.0.5\bin\net.dll
0x00007ff9dff50000 - 0x00007ff9e0064000 	C:\WINDOWS\SYSTEM32\WINHTTP.dll
0x00007ff9d47e0000 - 0x00007ff9d47f5000 	C:\Users\Julia\.jdks\corretto-17.0.5\bin\nio.dll
0x00007ff9d1f60000 - 0x00007ff9d1f78000 	C:\Users\Julia\.jdks\corretto-17.0.5\bin\zip.dll
0x00007ff9d8980000 - 0x00007ff9d8990000 	C:\Users\Julia\.jdks\corretto-17.0.5\bin\verify.dll
0x00007ff9d4e80000 - 0x00007ff9d4ea7000 	C:\Users\Julia\.gradle\native\e1d6ef7f7dcc3fd88c89a11ec53ec762bb8ba0a96d01ffa2cd45eb1d1d8dd5c5\windows-amd64\native-platform.dll
0x00007ff9bcd20000 - 0x00007ff9bce64000 	C:\Users\Julia\.gradle\native\0d407fdbe67a94daf76414ababcb853783967236a71b16ec16e742cd7a986fd3\windows-amd64\native-platform-file-events.dll
0x00007ff9d8950000 - 0x00007ff9d8959000 	C:\Users\Julia\.jdks\corretto-17.0.5\bin\management.dll
0x00007ff9d5620000 - 0x00007ff9d562b000 	C:\Users\Julia\.jdks\corretto-17.0.5\bin\management_ext.dll
0x00007ff9e6120000 - 0x00007ff9e6128000 	C:\WINDOWS\System32\PSAPI.DLL
0x00007ff9e4ed0000 - 0x00007ff9e4ee8000 	C:\WINDOWS\SYSTEM32\CRYPTSP.dll
0x00007ff9e4740000 - 0x00007ff9e4775000 	C:\WINDOWS\system32\rsaenh.dll
0x00007ff9e4d70000 - 0x00007ff9e4d99000 	C:\WINDOWS\SYSTEM32\USERENV.dll
0x00007ff9e5050000 - 0x00007ff9e5077000 	C:\WINDOWS\SYSTEM32\bcrypt.dll
0x00007ff9e4ec0000 - 0x00007ff9e4ecc000 	C:\WINDOWS\SYSTEM32\CRYPTBASE.dll
0x00007ff9e64f0000 - 0x00007ff9e64f9000 	C:\WINDOWS\System32\NSI.dll
0x00007ff9de260000 - 0x00007ff9de279000 	C:\WINDOWS\SYSTEM32\dhcpcsvc6.DLL
0x00007ff9deb70000 - 0x00007ff9deb8e000 	C:\WINDOWS\SYSTEM32\dhcpcsvc.DLL
0x00007ff9e4380000 - 0x00007ff9e4468000 	C:\WINDOWS\SYSTEM32\DNSAPI.dll
0x00007ff9d5170000 - 0x00007ff9d517e000 	C:\Users\Julia\.jdks\corretto-17.0.5\bin\sunmscapi.dll
0x00007ff9e5a50000 - 0x00007ff9e5bb2000 	C:\WINDOWS\System32\CRYPT32.dll
0x00007ff9e5020000 - 0x00007ff9e5048000 	C:\WINDOWS\SYSTEM32\ncrypt.dll
0x00007ff9e4fe0000 - 0x00007ff9e5017000 	C:\WINDOWS\SYSTEM32\NTASN1.dll
0x00007ff9d9e80000 - 0x00007ff9d9e88000 	C:\WINDOWS\system32\wshunix.dll

dbghelp: loaded successfully - version: 4.0.5 - missing functions: none
symbol engine: initialized successfully - sym options: 0x614 - pdb path: .;C:\Users\Julia\.jdks\corretto-17.0.5\bin;C:\WINDOWS\SYSTEM32;C:\WINDOWS\WinSxS\amd64_microsoft.windows.common-controls_6595b64144ccf1df_6.0.22000.120_none_9d947278b86cc467;C:\Users\Julia\.jdks\corretto-17.0.5\bin\server;C:\Users\Julia\.gradle\native\e1d6ef7f7dcc3fd88c89a11ec53ec762bb8ba0a96d01ffa2cd45eb1d1d8dd5c5\windows-amd64;C:\Users\Julia\.gradle\native\0d407fdbe67a94daf76414ababcb853783967236a71b16ec16e742cd7a986fd3\windows-amd64

VM Arguments:
jvm_args: -XX:MaxMetaspaceSize=256m -XX:+HeapDumpOnOutOfMemoryError -agentlib:jdwp=transport=dt_socket,server=n,suspend=y,address=127.0.0.1:62234 --add-opens=java.base/java.util=ALL-UNNAMED --add-opens=java.base/java.lang=ALL-UNNAMED --add-opens=java.base/java.lang.invoke=ALL-UNNAMED --add-opens=java.base/java.util=ALL-UNNAMED --add-opens=java.prefs/java.util.prefs=ALL-UNNAMED --add-opens=java.prefs/java.util.prefs=ALL-UNNAMED --add-opens=java.base/java.nio.charset=ALL-UNNAMED --add-opens=java.base/java.net=ALL-UNNAMED --add-opens=java.base/java.util.concurrent.atomic=ALL-UNNAMED -Xms256m -Xmx512m -Dfile.encoding=windows-1252 -Duser.country=US -Duser.language=en -Duser.variant 
java_command: org.gradle.launcher.daemon.bootstrap.GradleDaemon 7.5.1
java_class_path (initial): C:\Users\Julia\.gradle\wrapper\dists\gradle-7.5.1-bin\7jzzequgds1hbszbhq3npc5ng\gradle-7.5.1\lib\gradle-launcher-7.5.1.jar
Launcher Type: SUN_STANDARD

[Global flags]
     intx CICompilerCount                          = 4                                         {product} {ergonomic}
   size_t CompressedClassSpaceSize                 = 218103808                                 {product} {ergonomic}
     uint ConcGCThreads                            = 3                                         {product} {ergonomic}
     uint G1ConcRefinementThreads                  = 10                                        {product} {ergonomic}
   size_t G1HeapRegionSize                         = 1048576                                   {product} {ergonomic}
    uintx GCDrainStackTargetSize                   = 64                                        {product} {ergonomic}
     bool HeapDumpOnOutOfMemoryError               = true                                   {manageable} {command line}
   size_t InitialHeapSize                          = 268435456                                 {product} {command line}
   size_t MarkStackSize                            = 4194304                                   {product} {ergonomic}
   size_t MaxHeapSize                              = 536870912                                 {product} {command line}
   size_t MaxMetaspaceSize                         = 268435456                                 {product} {command line}
   size_t MaxNewSize                               = 321912832                                 {product} {ergonomic}
   size_t MinHeapDeltaBytes                        = 1048576                                   {product} {ergonomic}
   size_t MinHeapSize                              = 268435456                                 {product} {command line}
    uintx NonNMethodCodeHeapSize                   = 5839372                                {pd product} {ergonomic}
    uintx NonProfiledCodeHeapSize                  = 122909434                              {pd product} {ergonomic}
    uintx ProfiledCodeHeapSize                     = 122909434                              {pd product} {ergonomic}
    uintx ReservedCodeCacheSize                    = 251658240                              {pd product} {ergonomic}
     bool SegmentedCodeCache                       = true                                      {product} {ergonomic}
   size_t SoftMaxHeapSize                          = 536870912                              {manageable} {ergonomic}
     bool UseCompressedClassPointers               = true                           {product lp64_product} {ergonomic}
     bool UseCompressedOops                        = true                           {product lp64_product} {ergonomic}
     bool UseG1GC                                  = true                                      {product} {ergonomic}
     bool UseLargePagesIndividualAllocation        = false                                  {pd product} {ergonomic}

Logging:
Log output configuration:
 #0: stdout all=warning uptime,level,tags
 #1: stderr all=off uptime,level,tags

Environment Variables:
PATH=C:\WINDOWS\system32;C:\WINDOWS;C:\WINDOWS\System32\Wbem;C:\WINDOWS\System32\WindowsPowerShell\v1.0\;C:\WINDOWS\System32\OpenSSH\;C:\Users\Julia\AppData\Local\Microsoft\WindowsApps;C:\Program Files\JetBrains\IntelliJ IDEA 2022.2.4\bin
USERNAME=Julia
OS=Windows_NT
PROCESSOR_IDENTIFIER=AMD64 Family 23 Model 96 Stepping 1, AuthenticAMD
TMP=C:\Users\Julia\AppData\Local\Temp
TEMP=C:\Users\Julia\AppData\Local\Temp



---------------  S Y S T E M  ---------------

OS:
 Windows 11 , 64 bit Build 22000 (10.0.22000.1516)
OS uptime: 22 days 2:53 hours
Hyper-V role detected

CPU: total 12 (initial active 12) (12 cores per cpu, 2 threads per core) family 23 model 96 stepping 1 microcode 0x0, cx8, cmov, fxsr, ht, mmx, 3dnowpref, sse, sse2, sse3, ssse3, sse4a, sse4.1, sse4.2, popcnt, lzcnt, tsc, tscinvbit, avx, avx2, aes, clmul, bmi1, bmi2, adx, sha, fma, vzeroupper, clflush, clflushopt, hv

Memory: 4k page, system-wide physical 15823M (3481M free)
TotalPageFile size 46071M (AvailPageFile size 5M)
current process WorkingSet (physical memory assigned to process): 401M, peak: 465M
current process commit charge ("private bytes"): 502M, peak: 563M

vm_info: OpenJDK 64-Bit Server VM (17.0.5+8-LTS) for windows-amd64 JRE (17.0.5+8-LTS), built on Oct 13 2022 05:18:14 by "Administrator" with MS VC++ 15.9 (VS2017)

END.
